Using pre-set license
Built from '2022.3/staging' branch; Version is '2022.3.9f1 (ea401c316338) revision 15351836'; Using compiler version '192829333'; Build Type 'Release'
OS: 'Windows 10  (10.0.19045) 64bit Professional' Language: 'uk' Physical Memory: 16194 MB
BatchMode: 1, IsHumanControllingUs: 0, StartBugReporterOnCrash: 0, Is64bit: 1, IsPro: 1

COMMAND LINE ARGUMENTS:
C:\Program Files\Unity\Hub\Editor\2022.3.9f1\Editor\Unity.exe
-adb2
-batchMode
-noUpm
-name
AssetImportWorker4
-projectPath
C:/Users/RegandwyZ/Desktop/TankBattle/TankBattle
-logFile
Logs/AssetImportWorker4.log
-srvPort
62201
Successfully changed project path to: C:/Users/RegandwyZ/Desktop/TankBattle/TankBattle
C:/Users/RegandwyZ/Desktop/TankBattle/TankBattle
[UnityMemory] Configuration Parameters - Can be set up in boot.config
    "memorysetup-bucket-allocator-granularity=16"
    "memorysetup-bucket-allocator-bucket-count=8"
    "memorysetup-bucket-allocator-block-size=33554432"
    "memorysetup-bucket-allocator-block-count=8"
    "memorysetup-main-allocator-block-size=16777216"
    "memorysetup-thread-allocator-block-size=16777216"
    "memorysetup-gfx-main-allocator-block-size=16777216"
    "memorysetup-gfx-thread-allocator-block-size=16777216"
    "memorysetup-cache-allocator-block-size=4194304"
    "memorysetup-typetree-allocator-block-size=2097152"
    "memorysetup-profiler-bucket-allocator-granularity=16"
    "memorysetup-profiler-bucket-allocator-bucket-count=8"
    "memorysetup-profiler-bucket-allocator-block-size=33554432"
    "memorysetup-profiler-bucket-allocator-block-count=8"
    "memorysetup-profiler-allocator-block-size=16777216"
    "memorysetup-profiler-editor-allocator-block-size=1048576"
    "memorysetup-temp-allocator-size-main=16777216"
    "memorysetup-job-temp-allocator-block-size=2097152"
    "memorysetup-job-temp-allocator-block-size-background=1048576"
    "memorysetup-job-temp-allocator-reduction-small-platforms=262144"
    "memorysetup-allocator-temp-initial-block-size-main=262144"
    "memorysetup-allocator-temp-initial-block-size-worker=262144"
    "memorysetup-temp-allocator-size-background-worker=32768"
    "memorysetup-temp-allocator-size-job-worker=262144"
    "memorysetup-temp-allocator-size-preload-manager=33554432"
    "memorysetup-temp-allocator-size-nav-mesh-worker=65536"
    "memorysetup-temp-allocator-size-audio-worker=65536"
    "memorysetup-temp-allocator-size-cloud-worker=32768"
    "memorysetup-temp-allocator-size-gi-baking-worker=262144"
    "memorysetup-temp-allocator-size-gfx=262144"
Player connection [3128] Host "[IP] 192.168.0.109 [Port] 0 [Flags] 2 [Guid] 2437324554 [EditorId] 2437324554 [Version] 1048832 [Id] WindowsEditor(7,DESKTOP-3KLV7JH) [Debug] 1 [PackageName] WindowsEditor [ProjectName] Editor" joined multi-casting on [225.0.0.222:54997]...

Player connection [3128] Host "[IP] 192.168.0.109 [Port] 0 [Flags] 2 [Guid] 2437324554 [EditorId] 2437324554 [Version] 1048832 [Id] WindowsEditor(7,DESKTOP-3KLV7JH) [Debug] 1 [PackageName] WindowsEditor [ProjectName] Editor" joined alternative multi-casting on [225.0.0.222:34997]...

[Physics::Module] Initialized MultithreadedJobDispatcher with 11 workers.
Refreshing native plugins compatible for Editor in 4.09 ms, found 3 plugins.
Preloading 0 native plugins for Editor in 0.00 ms.
Initialize engine version: 2022.3.9f1 (ea401c316338)
[Subsystems] Discovering subsystems at path C:/Program Files/Unity/Hub/Editor/2022.3.9f1/Editor/Data/Resources/UnitySubsystems
[Subsystems] Discovering subsystems at path C:/Users/RegandwyZ/Desktop/TankBattle/TankBattle/Assets
GfxDevice: creating device client; threaded=0; jobified=0
Direct3D:
    Version:  Direct3D 11.0 [level 11.1]
    Renderer: NVIDIA GeForce GTX 1060 3GB (ID=0x1c02)
    Vendor:   NVIDIA
    VRAM:     2978 MB
    Driver:   31.0.15.3758
Initialize mono
Mono path[0] = 'C:/Program Files/Unity/Hub/Editor/2022.3.9f1/Editor/Data/Managed'
Mono path[1] = 'C:/Program Files/Unity/Hub/Editor/2022.3.9f1/Editor/Data/MonoBleedingEdge/lib/mono/unityjit-win32'
Mono config path = 'C:/Program Files/Unity/Hub/Editor/2022.3.9f1/Editor/Data/MonoBleedingEdge/etc'
Using monoOptions --debugger-agent=transport=dt_socket,embedding=1,server=y,suspend=n,address=127.0.0.1:56088
Begin MonoManager ReloadAssembly
Registering precompiled unity dll's ...
Register platform support module: C:/Program Files/Unity/Hub/Editor/2022.3.9f1/Editor/Data/PlaybackEngines/WindowsStandaloneSupport/UnityEditor.WindowsStandalone.Extensions.dll
Registered in 0.004276 seconds.
- Loaded All Assemblies, in  0.224 seconds
Native extension for WindowsStandalone target not found
Mono: successfully reloaded assembly
- Finished resetting the current domain, in  0.162 seconds
Domain Reload Profiling: 385ms
	BeginReloadAssembly (69ms)
		ExecutionOrderSort (0ms)
		DisableScriptedObjects (0ms)
		BackupInstance (0ms)
		ReleaseScriptingObjects (0ms)
		CreateAndSetChildDomain (1ms)
	RebuildCommonClasses (22ms)
	RebuildNativeTypeToScriptingClass (7ms)
	initialDomainReloadingComplete (36ms)
	LoadAllAssembliesAndSetupDomain (89ms)
		LoadAssemblies (68ms)
		RebuildTransferFunctionScriptingTraits (0ms)
		AnalyzeDomain (88ms)
			TypeCache.Refresh (87ms)
				TypeCache.ScanAssembly (79ms)
			ScanForSourceGeneratedMonoScriptInfo (0ms)
			ResolveRequiredComponents (0ms)
	FinalizeReload (162ms)
		ReleaseScriptCaches (0ms)
		RebuildScriptCaches (0ms)
		SetupLoadedEditorAssemblies (124ms)
			LogAssemblyErrors (0ms)
			InitializePlatformSupportModulesInManaged (6ms)
			SetLoadedEditorAssemblies (5ms)
			RefreshPlugins (0ms)
			BeforeProcessingInitializeOnLoad (1ms)
			ProcessInitializeOnLoadAttributes (82ms)
			ProcessInitializeOnLoadMethodAttributes (29ms)
			AfterProcessingInitializeOnLoad (0ms)
			EditorAssembliesLoaded (0ms)
		ExecutionOrderSort2 (0ms)
		AwakeInstancesAfterBackupRestoration (0ms)
========================================================================
Worker process is ready to serve import requests
Begin MonoManager ReloadAssembly
- Loaded All Assemblies, in  0.375 seconds
Refreshing native plugins compatible for Editor in 1.48 ms, found 3 plugins.
Native extension for WindowsStandalone target not found
Package Manager log level set to [2]
[Package Manager] Server::EnsureServerProcessIsRunning -- launch failed, reason: Unity was launched with the -noUpm command-line argument
[Package Manager] UpmClient::Send -- Unable to send message (not connected to UPM process).
[Package Manager] Cannot connect to Unity Package Manager local server
Mono: successfully reloaded assembly
- Finished resetting the current domain, in  0.339 seconds
Domain Reload Profiling: 713ms
	BeginReloadAssembly (93ms)
		ExecutionOrderSort (0ms)
		DisableScriptedObjects (3ms)
		BackupInstance (0ms)
		ReleaseScriptingObjects (0ms)
		CreateAndSetChildDomain (12ms)
	RebuildCommonClasses (22ms)
	RebuildNativeTypeToScriptingClass (7ms)
	initialDomainReloadingComplete (27ms)
	LoadAllAssembliesAndSetupDomain (225ms)
		LoadAssemblies (169ms)
		RebuildTransferFunctionScriptingTraits (0ms)
		AnalyzeDomain (110ms)
			TypeCache.Refresh (98ms)
				TypeCache.ScanAssembly (89ms)
			ScanForSourceGeneratedMonoScriptInfo (9ms)
			ResolveRequiredComponents (2ms)
	FinalizeReload (339ms)
		ReleaseScriptCaches (0ms)
		RebuildScriptCaches (0ms)
		SetupLoadedEditorAssemblies (248ms)
			LogAssemblyErrors (0ms)
			InitializePlatformSupportModulesInManaged (4ms)
			SetLoadedEditorAssemblies (2ms)
			RefreshPlugins (0ms)
			BeforeProcessingInitializeOnLoad (37ms)
			ProcessInitializeOnLoadAttributes (190ms)
			ProcessInitializeOnLoadMethodAttributes (11ms)
			AfterProcessingInitializeOnLoad (4ms)
			EditorAssembliesLoaded (0ms)
		ExecutionOrderSort2 (0ms)
		AwakeInstancesAfterBackupRestoration (4ms)
Launched and connected shader compiler UnityShaderCompiler.exe after 0.02 seconds
Refreshing native plugins compatible for Editor in 1.50 ms, found 3 plugins.
Preloading 0 native plugins for Editor in 0.00 ms.
Unloading 3069 Unused Serialized files (Serialized files now loaded: 0)
Unloading 31 unused Assets / (56.3 KB). Loaded Objects now: 3535.
Memory consumption went from 114.8 MB to 114.7 MB.
Total: 1.966000 ms (FindLiveObjects: 0.130400 ms CreateObjectMapping: 0.056700 ms MarkObjects: 1.710900 ms  DeleteObjects: 0.067300 ms)

AssetImportParameters requested are different than current active one (requested -> active):
  custom:container-demuxer-ogg: 62fdf1f143b41e24485cea50d1cbac27 -> 
  custom:video-decoder-ogg-theora: a1e56fd34408186e4bbccfd4996cb3dc -> 
  custom:framework-win-MediaFoundation: 216162199b28c13a410421893ffa2e32 -> 
  custom:CustomObjectIndexerAttribute: 756ad292c208cfabdd7b50bc23989ffe -> 
  custom:container-demuxer-webm: 4f35f7cbe854078d1ac9338744f61a02 -> 
  custom:container-muxer-webm: aa71ff27fc2769a1b78a27578f13a17b -> 
  custom:video-decoder-webm-vp8: 9c59270c3fd7afecdb556c50c9e8de78 -> 
  custom:SearchIndexIgnoredProperties: e643bd26f0fe6173181afceb89e7c659 -> 
  custom:AudioImporter_EditorPlatform: d09bf68614088b80899f8185d706f6e7 -> 
  custom:video-encoder-webm-vp8: eb34c28f22e8b96e1ab97ce403110664 -> 
  custom:audio-decoder-ogg-vorbis: bf7c407c2cedff20999df2af8eb42d56 -> 
  custom:audio-encoder-webm-vorbis: bf7c407c2cedff20999df2af8eb42d56 -> 
========================================================================
Received Import Request.
  Time since last request: 1120694.631544 seconds.
  path: Assets/Canopus-III_Low-Poly_Sci-Fi_Desert_Units_Set_2/workfiles - psd
  artifactKey: Guid(07a83c05e60189246bd77dc6bec265dc) Importer(815301076,1909f56bfc062723c751e8b465ee728b)
Start importing Assets/Canopus-III_Low-Poly_Sci-Fi_Desert_Units_Set_2/workfiles - psd using Guid(07a83c05e60189246bd77dc6bec265dc) Importer(815301076,1909f56bfc062723c751e8b465ee728b)  -> (artifact id: '400b5aec1afbfc6fef7b1027830379fd') in 0.002369 seconds
Number of updated asset objects reloaded before import = 0
Number of asset objects unloaded after import = 0
========================================================================
Received Import Request.
  Time since last request: 0.061582 seconds.
  path: Assets/Canopus-III_Low-Poly_Sci-Fi_Desert_Units_Set_2/workfiles - psd/txtr_canopus-iii_set01_all_workfile.psd
  artifactKey: Guid(30b965d5563c8484b9e26df7e3c8db8f) Importer(815301076,1909f56bfc062723c751e8b465ee728b)
Start importing Assets/Canopus-III_Low-Poly_Sci-Fi_Desert_Units_Set_2/workfiles - psd/txtr_canopus-iii_set01_all_workfile.psd using Guid(30b965d5563c8484b9e26df7e3c8db8f) Importer(815301076,1909f56bfc062723c751e8b465ee728b)  -> (artifact id: '76ca4e8bfba27d774c52c629f0b010eb') in 0.062693 seconds
Number of updated asset objects reloaded before import = 0
Number of asset objects unloaded after import = 2
========================================================================
Received Import Request.
  Time since last request: 4.043835 seconds.
  path: Assets/Canopus-III_Low-Poly_Sci-Fi_Desert_Units_Set_1/workfiles - psd
  artifactKey: Guid(1c70cf8cf93e17541adfc902dff9ac47) Importer(815301076,1909f56bfc062723c751e8b465ee728b)
Start importing Assets/Canopus-III_Low-Poly_Sci-Fi_Desert_Units_Set_1/workfiles - psd using Guid(1c70cf8cf93e17541adfc902dff9ac47) Importer(815301076,1909f56bfc062723c751e8b465ee728b)  -> (artifact id: 'a26be7e2b652609b840bcc2f4d5736b3') in 0.000395 seconds
Number of updated asset objects reloaded before import = 0
Number of asset objects unloaded after import = 0
========================================================================
Received Import Request.
  Time since last request: 2.330099 seconds.
  path: Assets/Canopus-III_Low-Poly_Sci-Fi_Desert_Units_Set_1/models_yup
  artifactKey: Guid(3800556d01eb22147aa3a62381dcce00) Importer(815301076,1909f56bfc062723c751e8b465ee728b)
Start importing Assets/Canopus-III_Low-Poly_Sci-Fi_Desert_Units_Set_1/models_yup using Guid(3800556d01eb22147aa3a62381dcce00) Importer(815301076,1909f56bfc062723c751e8b465ee728b)  -> (artifact id: 'd290eb2b3d3f909dced507c22c35b399') in 0.000347 seconds
Number of updated asset objects reloaded before import = 0
Number of asset objects unloaded after import = 0
========================================================================
Received Import Request.
  Time since last request: 41.735126 seconds.
  path: Assets/Models
  artifactKey: Guid(4dd950b17718323438f3c78ae89155bb) Importer(815301076,1909f56bfc062723c751e8b465ee728b)
Start importing Assets/Models using Guid(4dd950b17718323438f3c78ae89155bb) Importer(815301076,1909f56bfc062723c751e8b465ee728b)  -> (artifact id: '3cad7783810320cbde928948a879b33d') in 0.000316 seconds
Number of updated asset objects reloaded before import = 0
Number of asset objects unloaded after import = 0
========================================================================
Received Import Request.
  Time since last request: 31.722778 seconds.
  path: Assets/Canopus-III_Low-Poly_Sci-Fi_Desert_Units_Set_1/scenes_yup
  artifactKey: Guid(70b4c3a48af9ed4408f5036b81b438c5) Importer(815301076,1909f56bfc062723c751e8b465ee728b)
Start importing Assets/Canopus-III_Low-Poly_Sci-Fi_Desert_Units_Set_1/scenes_yup using Guid(70b4c3a48af9ed4408f5036b81b438c5) Importer(815301076,1909f56bfc062723c751e8b465ee728b)  -> (artifact id: 'b7fcf2113a09fa7381990aea6bff7dd4') in 0.000346 seconds
Number of updated asset objects reloaded before import = 0
Number of asset objects unloaded after import = 0
========================================================================
Received Import Request.
  Time since last request: 22.228487 seconds.
  path: Assets/WorkFiles
  artifactKey: Guid(d8ca14d0fb05fc34f8d1aa5a5d4b29f8) Importer(815301076,1909f56bfc062723c751e8b465ee728b)
Start importing Assets/WorkFiles using Guid(d8ca14d0fb05fc34f8d1aa5a5d4b29f8) Importer(815301076,1909f56bfc062723c751e8b465ee728b)  -> (artifact id: 'c05d72ae0d311b0ea7fe6714aa221eec') in 0.000325 seconds
Number of updated asset objects reloaded before import = 0
Number of asset objects unloaded after import = 0
========================================================================
Received Import Request.
  Time since last request: 101.978461 seconds.
  path: Assets/Scripts/BasicAbstractUnit.cs
  artifactKey: Guid(da61e6a22da86b545be020e7e9b5864b) Importer(815301076,1909f56bfc062723c751e8b465ee728b)
Start importing Assets/Scripts/BasicAbstractUnit.cs using Guid(da61e6a22da86b545be020e7e9b5864b) Importer(815301076,1909f56bfc062723c751e8b465ee728b)  -> (artifact id: '192ddec0ab5192458720e7de2fbf9ec8') in 0.000358 seconds
Number of updated asset objects reloaded before import = 0
Number of asset objects unloaded after import = 0
========================================================================
Received Prepare
Begin MonoManager ReloadAssembly
- Loaded All Assemblies, in  0.300 seconds
Refreshing native plugins compatible for Editor in 1.56 ms, found 3 plugins.
Native extension for WindowsStandalone target not found
[Package Manager] Server::EnsureServerProcessIsRunning -- launch failed, reason: Unity was launched with the -noUpm command-line argument
[Package Manager] UpmClient::Send -- Unable to send message (not connected to UPM process).
[Package Manager] Cannot connect to Unity Package Manager local server
Mono: successfully reloaded assembly
- Finished resetting the current domain, in  0.481 seconds
Domain Reload Profiling: 779ms
	BeginReloadAssembly (112ms)
		ExecutionOrderSort (0ms)
		DisableScriptedObjects (3ms)
		BackupInstance (0ms)
		ReleaseScriptingObjects (0ms)
		CreateAndSetChildDomain (23ms)
	RebuildCommonClasses (21ms)
	RebuildNativeTypeToScriptingClass (10ms)
	initialDomainReloadingComplete (21ms)
	LoadAllAssembliesAndSetupDomain (134ms)
		LoadAssemblies (181ms)
		RebuildTransferFunctionScriptingTraits (0ms)
		AnalyzeDomain (14ms)
			TypeCache.Refresh (6ms)
				TypeCache.ScanAssembly (0ms)
			ScanForSourceGeneratedMonoScriptInfo (5ms)
			ResolveRequiredComponents (3ms)
	FinalizeReload (481ms)
		ReleaseScriptCaches (0ms)
		RebuildScriptCaches (0ms)
		SetupLoadedEditorAssemblies (238ms)
			LogAssemblyErrors (0ms)
			InitializePlatformSupportModulesInManaged (4ms)
			SetLoadedEditorAssemblies (3ms)
			RefreshPlugins (0ms)
			BeforeProcessingInitializeOnLoad (37ms)
			ProcessInitializeOnLoadAttributes (179ms)
			ProcessInitializeOnLoadMethodAttributes (11ms)
			AfterProcessingInitializeOnLoad (4ms)
			EditorAssembliesLoaded (0ms)
		ExecutionOrderSort2 (0ms)
		AwakeInstancesAfterBackupRestoration (4ms)
Refreshing native plugins compatible for Editor in 1.51 ms, found 3 plugins.
Preloading 0 native plugins for Editor in 0.00 ms.
Unloading 3062 Unused Serialized files (Serialized files now loaded: 0)
Unloading 22 unused Assets / (30.6 KB). Loaded Objects now: 3542.
Memory consumption went from 113.7 MB to 113.6 MB.
Total: 1.835800 ms (FindLiveObjects: 0.126600 ms CreateObjectMapping: 0.057900 ms MarkObjects: 1.622700 ms  DeleteObjects: 0.028200 ms)

Prepare: number of updated asset objects reloaded= 0
AssetImportParameters requested are different than current active one (requested -> active):
  custom:container-demuxer-ogg: 62fdf1f143b41e24485cea50d1cbac27 -> 
  custom:video-decoder-ogg-theora: a1e56fd34408186e4bbccfd4996cb3dc -> 
  custom:framework-win-MediaFoundation: 216162199b28c13a410421893ffa2e32 -> 
  custom:CustomObjectIndexerAttribute: 756ad292c208cfabdd7b50bc23989ffe -> 
  custom:container-demuxer-webm: 4f35f7cbe854078d1ac9338744f61a02 -> 
  custom:container-muxer-webm: aa71ff27fc2769a1b78a27578f13a17b -> 
  custom:video-decoder-webm-vp8: 9c59270c3fd7afecdb556c50c9e8de78 -> 
  custom:SearchIndexIgnoredProperties: e643bd26f0fe6173181afceb89e7c659 -> 
  custom:AudioImporter_EditorPlatform: d09bf68614088b80899f8185d706f6e7 -> 
  custom:video-encoder-webm-vp8: eb34c28f22e8b96e1ab97ce403110664 -> 
  custom:audio-decoder-ogg-vorbis: bf7c407c2cedff20999df2af8eb42d56 -> 
  custom:audio-encoder-webm-vorbis: bf7c407c2cedff20999df2af8eb42d56 -> 
========================================================================
Received Import Request.
  Time since last request: 9.210264 seconds.
  path: Assets/Materials/mtrl_canopus-iii_desert_cliffs_a.mat
  artifactKey: Guid(b92ccdad04120894cb97c562a499a17b) Importer(2089858483,0ecaa5967403d082aa24f35e1b516d23)
Start importing Assets/Materials/mtrl_canopus-iii_desert_cliffs_a.mat using Guid(b92ccdad04120894cb97c562a499a17b) Importer(2089858483,0ecaa5967403d082aa24f35e1b516d23) Generated GUIDs only implemented for interfaces!
 -> (artifact id: '76dc95ac928c2a098fb2ceb1a344b61d') in 0.094446 seconds
Number of updated asset objects reloaded before import = 0
Number of asset objects unloaded after import = 2
========================================================================
Received Import Request.
  Time since last request: 0.000013 seconds.
  path: Assets/Textures/txtr_canopus-iii_set01-red_diff.png
  artifactKey: Guid(9d55215ba2acc3943badb16045c4bd6f) Importer(2089858483,0ecaa5967403d082aa24f35e1b516d23)
Start importing Assets/Textures/txtr_canopus-iii_set01-red_diff.png using Guid(9d55215ba2acc3943badb16045c4bd6f) Importer(2089858483,0ecaa5967403d082aa24f35e1b516d23) Generated GUIDs only implemented for interfaces!
 -> (artifact id: '78d76d61acaabbe469e9e80d84d77e8e') in 0.041636 seconds
Number of updated asset objects reloaded before import = 0
Number of asset objects unloaded after import = 1
========================================================================
Received Import Request.
  Time since last request: 0.000019 seconds.
  path: Assets/Models/struct_Wall_Tower_A_yup.fbx
  artifactKey: Guid(692991282bbe78543bb212f7cd1ca15b) Importer(2089858483,0ecaa5967403d082aa24f35e1b516d23)
Start importing Assets/Models/struct_Wall_Tower_A_yup.fbx using Guid(692991282bbe78543bb212f7cd1ca15b) Importer(2089858483,0ecaa5967403d082aa24f35e1b516d23) Generated GUIDs only implemented for interfaces!
 -> (artifact id: 'a5faa60b79f591f2152ced97a3311646') in 0.028511 seconds
Number of updated asset objects reloaded before import = 0
Number of asset objects unloaded after import = 7
========================================================================
Received Import Request.
  Time since last request: 0.000010 seconds.
  path: Assets/Models/unit_Tank_Combat_B_yup.fbx
  artifactKey: Guid(d154efa0e3ec60941b8cd2eab292db72) Importer(2089858483,0ecaa5967403d082aa24f35e1b516d23)
Start importing Assets/Models/unit_Tank_Combat_B_yup.fbx using Guid(d154efa0e3ec60941b8cd2eab292db72) Importer(2089858483,0ecaa5967403d082aa24f35e1b516d23) Generated GUIDs only implemented for interfaces!
 -> (artifact id: '6ea5e293655d033cbfc2195e9abf0533') in 0.016332 seconds
Number of updated asset objects reloaded before import = 0
Number of asset objects unloaded after import = 17
========================================================================
Received Import Request.
  Time since last request: 0.000012 seconds.
  path: Assets/Prefab/prefabs_yup/env_Desert_Rock_Large_D_yup.prefab
  artifactKey: Guid(d4224059f955960428b3a419aaec232a) Importer(2089858483,0ecaa5967403d082aa24f35e1b516d23)
Start importing Assets/Prefab/prefabs_yup/env_Desert_Rock_Large_D_yup.prefab using Guid(d4224059f955960428b3a419aaec232a) Importer(2089858483,0ecaa5967403d082aa24f35e1b516d23) Generated GUIDs only implemented for interfaces!
 -> (artifact id: 'b73925ec8134e606fe66ae0c9e6958b8') in 0.010694 seconds
Number of updated asset objects reloaded before import = 0
Number of asset objects unloaded after import = 7
========================================================================
Received Import Request.
  Time since last request: 0.000015 seconds.
  path: Assets/Prefab/prefabs_yup/env_Desert_Cliff_D_yup.prefab
  artifactKey: Guid(553ea667df312334a9650f1719678648) Importer(2089858483,0ecaa5967403d082aa24f35e1b516d23)
Start importing Assets/Prefab/prefabs_yup/env_Desert_Cliff_D_yup.prefab using Guid(553ea667df312334a9650f1719678648) Importer(2089858483,0ecaa5967403d082aa24f35e1b516d23) Generated GUIDs only implemented for interfaces!
 -> (artifact id: 'f5afb8d2e9bae50a87f1bdae02194014') in 0.009459 seconds
Number of updated asset objects reloaded before import = 0
Number of asset objects unloaded after import = 7
========================================================================
Received Import Request.
  Time since last request: 0.000013 seconds.
  path: Assets/Models/unit_Trike_A_yup.fbx
  artifactKey: Guid(dd6d8f0d482cb9747b357e7f0f0fe8ab) Importer(2089858483,0ecaa5967403d082aa24f35e1b516d23)
Start importing Assets/Models/unit_Trike_A_yup.fbx using Guid(dd6d8f0d482cb9747b357e7f0f0fe8ab) Importer(2089858483,0ecaa5967403d082aa24f35e1b516d23) Generated GUIDs only implemented for interfaces!
 -> (artifact id: 'a9dea8c66425fc7b6ef4788b4e3bd1ac') in 0.018599 seconds
Number of updated asset objects reloaded before import = 0
Number of asset objects unloaded after import = 27
========================================================================
Received Import Request.
  Time since last request: 0.000013 seconds.
  path: Assets/Prefab/prefabs_yup/env_Desert_Hill_A_yup.prefab
  artifactKey: Guid(b30b5cd1594d32b4ab002ac90ebf9162) Importer(2089858483,0ecaa5967403d082aa24f35e1b516d23)
Start importing Assets/Prefab/prefabs_yup/env_Desert_Hill_A_yup.prefab using Guid(b30b5cd1594d32b4ab002ac90ebf9162) Importer(2089858483,0ecaa5967403d082aa24f35e1b516d23) Generated GUIDs only implemented for interfaces!
 -> (artifact id: 'edc02a53f953042f8c520087f7f2afe5') in 0.010113 seconds
Number of updated asset objects reloaded before import = 0
Number of asset objects unloaded after import = 7
========================================================================
Received Import Request.
  Time since last request: 0.000012 seconds.
  path: Assets/Models/struct_Factory_Heavy_A_yup.fbx
  artifactKey: Guid(2346e7ad54e723242855f7ae519b4f37) Importer(2089858483,0ecaa5967403d082aa24f35e1b516d23)
Start importing Assets/Models/struct_Factory_Heavy_A_yup.fbx using Guid(2346e7ad54e723242855f7ae519b4f37) Importer(2089858483,0ecaa5967403d082aa24f35e1b516d23) Generated GUIDs only implemented for interfaces!
 -> (artifact id: 'cbc0dbb37a6bdade6c68ec97f37ba00e') in 0.016426 seconds
Number of updated asset objects reloaded before import = 0
Number of asset objects unloaded after import = 27
========================================================================
Received Import Request.
  Time since last request: 0.000012 seconds.
  path: Assets/Prefab/prefabs_yup/env_Desert_Cliff_Base_A_yup.prefab
  artifactKey: Guid(dc58f9d278219bf429f91d0e60fea5e7) Importer(2089858483,0ecaa5967403d082aa24f35e1b516d23)
Start importing Assets/Prefab/prefabs_yup/env_Desert_Cliff_Base_A_yup.prefab using Guid(dc58f9d278219bf429f91d0e60fea5e7) Importer(2089858483,0ecaa5967403d082aa24f35e1b516d23) Generated GUIDs only implemented for interfaces!
 -> (artifact id: '5a284ec89d78079b9299d50181652b82') in 0.081512 seconds
Number of updated asset objects reloaded before import = 0
Number of asset objects unloaded after import = 7
========================================================================
Received Import Request.
  Time since last request: 0.000016 seconds.
  path: Assets/Prefab/prefabs_yup/env_Desert_Cliff_C_yup.prefab
  artifactKey: Guid(98fa6c9f7484e124487ea953219028dc) Importer(2089858483,0ecaa5967403d082aa24f35e1b516d23)
Start importing Assets/Prefab/prefabs_yup/env_Desert_Cliff_C_yup.prefab using Guid(98fa6c9f7484e124487ea953219028dc) Importer(2089858483,0ecaa5967403d082aa24f35e1b516d23) Generated GUIDs only implemented for interfaces!
 -> (artifact id: '3aa8970cd7ed87fc838aaef3bdb08b14') in 0.009687 seconds
Number of updated asset objects reloaded before import = 0
Number of asset objects unloaded after import = 7
========================================================================
Received Import Request.
  Time since last request: 0.000016 seconds.
  path: Assets/Models/env_Desert_Cliff_Base_C_yup.fbx
  artifactKey: Guid(23fef48a6a1ef954a91c236ee47925cb) Importer(2089858483,0ecaa5967403d082aa24f35e1b516d23)
Start importing Assets/Models/env_Desert_Cliff_Base_C_yup.fbx using Guid(23fef48a6a1ef954a91c236ee47925cb) Importer(2089858483,0ecaa5967403d082aa24f35e1b516d23) Generated GUIDs only implemented for interfaces!
 -> (artifact id: 'b3d2ed326c54d215bc2cb2a7629e27d1') in 0.015416 seconds
Number of updated asset objects reloaded before import = 0
Number of asset objects unloaded after import = 7
========================================================================
Received Import Request.
  Time since last request: 0.000027 seconds.
  path: Assets/WorkFiles/txtr_canopus-iii_ground_sand_workfile.psd
  artifactKey: Guid(5734a275e41cb1a489f85fc5a136c629) Importer(2089858483,0ecaa5967403d082aa24f35e1b516d23)
Start importing Assets/WorkFiles/txtr_canopus-iii_ground_sand_workfile.psd using Guid(5734a275e41cb1a489f85fc5a136c629) Importer(2089858483,0ecaa5967403d082aa24f35e1b516d23) Generated GUIDs only implemented for interfaces!
 -> (artifact id: '5883a39de1609266dc71f9c0e059801d') in 0.021692 seconds
Number of updated asset objects reloaded before import = 0
Number of asset objects unloaded after import = 1
========================================================================
Received Import Request.
  Time since last request: 0.000012 seconds.
  path: Assets/Models/struct_Turret_Missile_A_yup.fbx
  artifactKey: Guid(7a7931d347edd084a8688856864c2fb2) Importer(2089858483,0ecaa5967403d082aa24f35e1b516d23)
Start importing Assets/Models/struct_Turret_Missile_A_yup.fbx using Guid(7a7931d347edd084a8688856864c2fb2) Importer(2089858483,0ecaa5967403d082aa24f35e1b516d23) Generated GUIDs only implemented for interfaces!
 -> (artifact id: '7817d592447e105d4c27a6f789ea7a2b') in 0.016865 seconds
Number of updated asset objects reloaded before import = 0
Number of asset objects unloaded after import = 17
========================================================================
Received Import Request.
  Time since last request: 0.000010 seconds.
  path: Assets/Prefab/prefabs_yup/env_Desert_Rock_Small_A_yup.prefab
  artifactKey: Guid(a703e0269c7d4ee458fb5cb1f1055791) Importer(2089858483,0ecaa5967403d082aa24f35e1b516d23)
Start importing Assets/Prefab/prefabs_yup/env_Desert_Rock_Small_A_yup.prefab using Guid(a703e0269c7d4ee458fb5cb1f1055791) Importer(2089858483,0ecaa5967403d082aa24f35e1b516d23) Generated GUIDs only implemented for interfaces!
 -> (artifact id: '7c49395f6c32e3a4aa8ddfafc053bdb2') in 0.010250 seconds
Number of updated asset objects reloaded before import = 0
Number of asset objects unloaded after import = 7
========================================================================
Received Import Request.
  Time since last request: 0.000016 seconds.
  path: Assets/Models/unit_Harvester_A_yup.fbx
  artifactKey: Guid(e5f792c0ae4f20648a824d0d20599d2b) Importer(2089858483,0ecaa5967403d082aa24f35e1b516d23)
Start importing Assets/Models/unit_Harvester_A_yup.fbx using Guid(e5f792c0ae4f20648a824d0d20599d2b) Importer(2089858483,0ecaa5967403d082aa24f35e1b516d23) Generated GUIDs only implemented for interfaces!
 -> (artifact id: 'c37bf62ac69475a7234a25af9dda7775') in 0.025929 seconds
Number of updated asset objects reloaded before import = 0
Number of asset objects unloaded after import = 92
========================================================================
Received Import Request.
  Time since last request: 0.000014 seconds.
  path: Assets/Scenes/SampleScene.unity
  artifactKey: Guid(9fc0d4010bbf28b4594072e72b8655ab) Importer(2089858483,0ecaa5967403d082aa24f35e1b516d23)
Start importing Assets/Scenes/SampleScene.unity using Guid(9fc0d4010bbf28b4594072e72b8655ab) Importer(2089858483,0ecaa5967403d082aa24f35e1b516d23) Generated GUIDs only implemented for interfaces!
 -> (artifact id: 'f50e4d6c095a45084bc12d11c610585d') in 0.007133 seconds
Number of updated asset objects reloaded before import = 0
Number of asset objects unloaded after import = 1
========================================================================
Received Import Request.
  Time since last request: 0.000015 seconds.
  path: Assets/Prefab/prefabs_yup/env_Desert_Rock_Small_B_yup.prefab
  artifactKey: Guid(b1d20d98f388b4a4dab046d1e2b1824e) Importer(2089858483,0ecaa5967403d082aa24f35e1b516d23)
Start importing Assets/Prefab/prefabs_yup/env_Desert_Rock_Small_B_yup.prefab using Guid(b1d20d98f388b4a4dab046d1e2b1824e) Importer(2089858483,0ecaa5967403d082aa24f35e1b516d23) Generated GUIDs only implemented for interfaces!
 -> (artifact id: '25c898e5e01b27a54752bd1c734c5ee0') in 0.009311 seconds
Number of updated asset objects reloaded before import = 0
Number of asset objects unloaded after import = 7
========================================================================
Received Import Request.
  Time since last request: 0.000011 seconds.
  path: Assets/Textures/txtr_canopus-iii_set01-green_diff.png
  artifactKey: Guid(5b76751221837584fb6e687628f8eff8) Importer(2089858483,0ecaa5967403d082aa24f35e1b516d23)
Start importing Assets/Textures/txtr_canopus-iii_set01-green_diff.png using Guid(5b76751221837584fb6e687628f8eff8) Importer(2089858483,0ecaa5967403d082aa24f35e1b516d23) Generated GUIDs only implemented for interfaces!
 -> (artifact id: '300e259ab0946eadbed19356200ba00a') in 0.020087 seconds
Number of updated asset objects reloaded before import = 0
Number of asset objects unloaded after import = 1
========================================================================
Received Import Request.
  Time since last request: 0.000013 seconds.
  path: Assets/WorkFiles/txtr_canopus-iii_set01_all_workfile.psd
  artifactKey: Guid(614ee69c69a213d4c82d2fba76967ab2) Importer(2089858483,0ecaa5967403d082aa24f35e1b516d23)
Start importing Assets/WorkFiles/txtr_canopus-iii_set01_all_workfile.psd using Guid(614ee69c69a213d4c82d2fba76967ab2) Importer(2089858483,0ecaa5967403d082aa24f35e1b516d23) Generated GUIDs only implemented for interfaces!
 -> (artifact id: '76b30ac942cc9ca5c061f0a4583414cf') in 0.020909 seconds
Number of updated asset objects reloaded before import = 0
Number of asset objects unloaded after import = 1
========================================================================
Received Import Request.
  Time since last request: 0.000058 seconds.
  path: Assets/Prefab/prefabs_yup/env_Desert_Cliff_Base_C_yup.prefab
  artifactKey: Guid(b983ef0c7163ade4f8cc7f9c57fafd17) Importer(2089858483,0ecaa5967403d082aa24f35e1b516d23)
Start importing Assets/Prefab/prefabs_yup/env_Desert_Cliff_Base_C_yup.prefab using Guid(b983ef0c7163ade4f8cc7f9c57fafd17) Importer(2089858483,0ecaa5967403d082aa24f35e1b516d23) Generated GUIDs only implemented for interfaces!
 -> (artifact id: '02e759cbff0207e041515a05526ed79f') in 0.010220 seconds
Number of updated asset objects reloaded before import = 0
Number of asset objects unloaded after import = 7
========================================================================
Received Import Request.
  Time since last request: 0.000014 seconds.
  path: Assets/Models/env_Desert_Rock_Large_D_yup.fbx
  artifactKey: Guid(02494909143a4cc4e859f59a5564d4db) Importer(2089858483,0ecaa5967403d082aa24f35e1b516d23)
Start importing Assets/Models/env_Desert_Rock_Large_D_yup.fbx using Guid(02494909143a4cc4e859f59a5564d4db) Importer(2089858483,0ecaa5967403d082aa24f35e1b516d23) Generated GUIDs only implemented for interfaces!
 -> (artifact id: 'a926c71facdcb5aae966149e41438b45') in 0.016860 seconds
Number of updated asset objects reloaded before import = 0
Number of asset objects unloaded after import = 7
========================================================================
Received Import Request.
  Time since last request: 0.000013 seconds.
  path: Assets/Prefab/prefabs_yup/struct_Factory_Light_A_yup.prefab
  artifactKey: Guid(b15c97752fca6ba409f8c8be383162f4) Importer(2089858483,0ecaa5967403d082aa24f35e1b516d23)
Start importing Assets/Prefab/prefabs_yup/struct_Factory_Light_A_yup.prefab using Guid(b15c97752fca6ba409f8c8be383162f4) Importer(2089858483,0ecaa5967403d082aa24f35e1b516d23) Generated GUIDs only implemented for interfaces!
 -> (artifact id: 'bc589eb35cae76b8b85c8d72183c1187') in 0.010735 seconds
Number of updated asset objects reloaded before import = 0
Number of asset objects unloaded after import = 22
========================================================================
Received Import Request.
  Time since last request: 0.000014 seconds.
  path: Assets/Prefab/prefabs_yup/struct_Misc_Building_B_yup.prefab
  artifactKey: Guid(2590b323e3740dc46b7c1b542a580d55) Importer(2089858483,0ecaa5967403d082aa24f35e1b516d23)
Start importing Assets/Prefab/prefabs_yup/struct_Misc_Building_B_yup.prefab using Guid(2590b323e3740dc46b7c1b542a580d55) Importer(2089858483,0ecaa5967403d082aa24f35e1b516d23) Generated GUIDs only implemented for interfaces!
 -> (artifact id: 'f96e44d09c8367a3e884074f22f4732d') in 0.010896 seconds
Number of updated asset objects reloaded before import = 0
Number of asset objects unloaded after import = 7
========================================================================
Received Import Request.
  Time since last request: 0.000011 seconds.
  path: Assets/Prefab/prefabs_yup/struct_Wall_Tower_A_yup.prefab
  artifactKey: Guid(0e961fb918a03284f860237aaf5afb81) Importer(2089858483,0ecaa5967403d082aa24f35e1b516d23)
Start importing Assets/Prefab/prefabs_yup/struct_Wall_Tower_A_yup.prefab using Guid(0e961fb918a03284f860237aaf5afb81) Importer(2089858483,0ecaa5967403d082aa24f35e1b516d23) Generated GUIDs only implemented for interfaces!
 -> (artifact id: 'beba73c28ba58e7315069edd62e73138') in 0.009672 seconds
Number of updated asset objects reloaded before import = 0
Number of asset objects unloaded after import = 7
========================================================================
Received Import Request.
  Time since last request: 0.000015 seconds.
  path: Assets/Prefab/prefabs_yup/unit_Trike_A_yup.prefab
  artifactKey: Guid(e0c97a56e6f1e6240a18d1d73886f9b4) Importer(2089858483,0ecaa5967403d082aa24f35e1b516d23)
Start importing Assets/Prefab/prefabs_yup/unit_Trike_A_yup.prefab using Guid(e0c97a56e6f1e6240a18d1d73886f9b4) Importer(2089858483,0ecaa5967403d082aa24f35e1b516d23) Generated GUIDs only implemented for interfaces!
 -> (artifact id: '9f9b03f46a8e22407603522411bf4691') in 0.009713 seconds
Number of updated asset objects reloaded before import = 0
Number of asset objects unloaded after import = 27
========================================================================
Received Import Request.
  Time since last request: 0.000016 seconds.
  path: Assets/Prefab/prefabs_yup/unit_Caryall_A_yup.prefab
  artifactKey: Guid(f0dcd956efd65fb4b90d51551c14cbbf) Importer(2089858483,0ecaa5967403d082aa24f35e1b516d23)
Start importing Assets/Prefab/prefabs_yup/unit_Caryall_A_yup.prefab using Guid(f0dcd956efd65fb4b90d51551c14cbbf) Importer(2089858483,0ecaa5967403d082aa24f35e1b516d23) Generated GUIDs only implemented for interfaces!
 -> (artifact id: 'cbbe3d340a857a4aea34e3967b70342f') in 0.010066 seconds
Number of updated asset objects reloaded before import = 0
Number of asset objects unloaded after import = 37
========================================================================
Received Import Request.
  Time since last request: 0.000017 seconds.
  path: Assets/Prefab/prefabs_yup/struct_Radar_Outpost_A_yup.prefab
  artifactKey: Guid(ecc3fde0c96f4ff4281e850db48c02f0) Importer(2089858483,0ecaa5967403d082aa24f35e1b516d23)
Start importing Assets/Prefab/prefabs_yup/struct_Radar_Outpost_A_yup.prefab using Guid(ecc3fde0c96f4ff4281e850db48c02f0) Importer(2089858483,0ecaa5967403d082aa24f35e1b516d23) Generated GUIDs only implemented for interfaces!
 -> (artifact id: '9fc79dc5e9a66342a25cde3cf6c47eeb') in 0.008865 seconds
Number of updated asset objects reloaded before import = 0
Number of asset objects unloaded after import = 12
========================================================================
Received Import Request.
  Time since last request: 0.000012 seconds.
  path: Assets/Prefab/prefabs_yup/unit_Ornithopter_Light_A_yup.prefab
  artifactKey: Guid(6871a52976c58464789f49cf4f336f46) Importer(2089858483,0ecaa5967403d082aa24f35e1b516d23)
Start importing Assets/Prefab/prefabs_yup/unit_Ornithopter_Light_A_yup.prefab using Guid(6871a52976c58464789f49cf4f336f46) Importer(2089858483,0ecaa5967403d082aa24f35e1b516d23) Generated GUIDs only implemented for interfaces!
 -> (artifact id: 'a95005e7610279c075554da7ac12ea91') in 0.009740 seconds
Number of updated asset objects reloaded before import = 0
Number of asset objects unloaded after import = 32
========================================================================
Received Import Request.
  Time since last request: 0.000012 seconds.
  path: Assets/Prefab/prefabs_yup/struct_Turret_Missile_A_yup.prefab
  artifactKey: Guid(d71a8540f077deb4b8fd664d76698739) Importer(2089858483,0ecaa5967403d082aa24f35e1b516d23)
Start importing Assets/Prefab/prefabs_yup/struct_Turret_Missile_A_yup.prefab using Guid(d71a8540f077deb4b8fd664d76698739) Importer(2089858483,0ecaa5967403d082aa24f35e1b516d23) Generated GUIDs only implemented for interfaces!
 -> (artifact id: '4c876e7dc42bd3095797cd3cae65056d') in 0.009464 seconds
Number of updated asset objects reloaded before import = 0
Number of asset objects unloaded after import = 17
========================================================================
Received Import Request.
  Time since last request: 0.000011 seconds.
  path: Assets/Models/struct_Construction_Yard_A_yup.fbx
  artifactKey: Guid(185bab7d43860614b8007b1d0913b99a) Importer(2089858483,0ecaa5967403d082aa24f35e1b516d23)
Start importing Assets/Models/struct_Construction_Yard_A_yup.fbx using Guid(185bab7d43860614b8007b1d0913b99a) Importer(2089858483,0ecaa5967403d082aa24f35e1b516d23) Generated GUIDs only implemented for interfaces!
 -> (artifact id: '60fdd28dd4253a8c8d7000f53eb1e88f') in 0.018553 seconds
Number of updated asset objects reloaded before import = 0
Number of asset objects unloaded after import = 27
========================================================================
Received Import Request.
  Time since last request: 0.000011 seconds.
  path: Assets/Models/struct_Wall_A_yup.fbx
  artifactKey: Guid(04e5453006a300b47b56d0b35f803b28) Importer(2089858483,0ecaa5967403d082aa24f35e1b516d23)
Start importing Assets/Models/struct_Wall_A_yup.fbx using Guid(04e5453006a300b47b56d0b35f803b28) Importer(2089858483,0ecaa5967403d082aa24f35e1b516d23) Generated GUIDs only implemented for interfaces!
 -> (artifact id: 'd6e3e99ca8eeefe3c3ee4aed4390d331') in 0.013009 seconds
Number of updated asset objects reloaded before import = 0
Number of asset objects unloaded after import = 7
========================================================================
Received Import Request.
  Time since last request: 0.000015 seconds.
  path: Assets/Models/struct_Silo_A_yup.fbx
  artifactKey: Guid(09d7264e9fd8da448927e59391f16c61) Importer(2089858483,0ecaa5967403d082aa24f35e1b516d23)
Start importing Assets/Models/struct_Silo_A_yup.fbx using Guid(09d7264e9fd8da448927e59391f16c61) Importer(2089858483,0ecaa5967403d082aa24f35e1b516d23) Generated GUIDs only implemented for interfaces!
 -> (artifact id: '37a045397d39622f23ea8cb3204fd5a2') in 0.014835 seconds
Number of updated asset objects reloaded before import = 0
Number of asset objects unloaded after import = 7
========================================================================
Received Import Request.
  Time since last request: 0.000012 seconds.
  path: Assets/Models/unit_Tank_Heavy_A_yup.fbx
  artifactKey: Guid(63f9240deebb8c344abfe703d0eacd96) Importer(2089858483,0ecaa5967403d082aa24f35e1b516d23)
Start importing Assets/Models/unit_Tank_Heavy_A_yup.fbx using Guid(63f9240deebb8c344abfe703d0eacd96) Importer(2089858483,0ecaa5967403d082aa24f35e1b516d23) Generated GUIDs only implemented for interfaces!
 -> (artifact id: '11adc72eebb4e13b29c5bbcb8031cd18') in 0.017062 seconds
Number of updated asset objects reloaded before import = 0
Number of asset objects unloaded after import = 17
========================================================================
Received Import Request.
  Time since last request: 0.000013 seconds.
  path: Assets/Models/struct_Factory_Light_A_yup.fbx
  artifactKey: Guid(2209eff45bbfae14e82cdddc25f1d4bf) Importer(2089858483,0ecaa5967403d082aa24f35e1b516d23)
Start importing Assets/Models/struct_Factory_Light_A_yup.fbx using Guid(2209eff45bbfae14e82cdddc25f1d4bf) Importer(2089858483,0ecaa5967403d082aa24f35e1b516d23) Generated GUIDs only implemented for interfaces!
 -> (artifact id: '047950f2ae0cc327e5500067737ca209') in 0.015975 seconds
Number of updated asset objects reloaded before import = 0
Number of asset objects unloaded after import = 22
========================================================================
Received Import Request.
  Time since last request: 0.000012 seconds.
  path: Assets/Prefab/prefabs_yup/struct_Wall_A_Triple_yup.prefab
  artifactKey: Guid(dcfe80c4d3be195469bca873ab0ab979) Importer(2089858483,0ecaa5967403d082aa24f35e1b516d23)
Start importing Assets/Prefab/prefabs_yup/struct_Wall_A_Triple_yup.prefab using Guid(dcfe80c4d3be195469bca873ab0ab979) Importer(2089858483,0ecaa5967403d082aa24f35e1b516d23) Generated GUIDs only implemented for interfaces!
 -> (artifact id: 'b9b96837a0587be00c61640fca8d93be') in 0.011203 seconds
Number of updated asset objects reloaded before import = 0
Number of asset objects unloaded after import = 7
========================================================================
Received Import Request.
  Time since last request: 0.000012 seconds.
  path: Assets/Prefab/prefabs_yup/struct_Spaceport_A_yup.prefab
  artifactKey: Guid(d0d3fa714339c06469755b863d5b2267) Importer(2089858483,0ecaa5967403d082aa24f35e1b516d23)
Start importing Assets/Prefab/prefabs_yup/struct_Spaceport_A_yup.prefab using Guid(d0d3fa714339c06469755b863d5b2267) Importer(2089858483,0ecaa5967403d082aa24f35e1b516d23) Generated GUIDs only implemented for interfaces!
 -> (artifact id: 'bbb3a4df8527f8421d798df2b3e3d2b4') in 0.009060 seconds
Number of updated asset objects reloaded before import = 0
Number of asset objects unloaded after import = 7
========================================================================
Received Import Request.
  Time since last request: 0.000012 seconds.
  path: Assets/Models/struct_Turret_Gun_A_yup.fbx
  artifactKey: Guid(0d8fc5ce766774542a95bdc7e3862526) Importer(2089858483,0ecaa5967403d082aa24f35e1b516d23)
Start importing Assets/Models/struct_Turret_Gun_A_yup.fbx using Guid(0d8fc5ce766774542a95bdc7e3862526) Importer(2089858483,0ecaa5967403d082aa24f35e1b516d23) Generated GUIDs only implemented for interfaces!
 -> (artifact id: '50a8a1a65169de40caead5ec9067b39e') in 0.015133 seconds
Number of updated asset objects reloaded before import = 0
Number of asset objects unloaded after import = 17
========================================================================
Received Import Request.
  Time since last request: 0.000016 seconds.
  path: Assets/Prefab/prefabs_yup/env_Desert_Cliff_Base_D_yup.prefab
  artifactKey: Guid(7691bf9455a2cc5478a769a5373a750c) Importer(2089858483,0ecaa5967403d082aa24f35e1b516d23)
Start importing Assets/Prefab/prefabs_yup/env_Desert_Cliff_Base_D_yup.prefab using Guid(7691bf9455a2cc5478a769a5373a750c) Importer(2089858483,0ecaa5967403d082aa24f35e1b516d23) Generated GUIDs only implemented for interfaces!
 -> (artifact id: 'a1917ee7713ae875d12905260db86ce0') in 0.010992 seconds
Number of updated asset objects reloaded before import = 0
Number of asset objects unloaded after import = 7
========================================================================
Received Import Request.
  Time since last request: 0.000016 seconds.
  path: Assets/Models/env_Desert_Cliff_Base_B_yup.fbx
  artifactKey: Guid(4dd603755e6392840b75861dfbf7ab2c) Importer(2089858483,0ecaa5967403d082aa24f35e1b516d23)
Start importing Assets/Models/env_Desert_Cliff_Base_B_yup.fbx using Guid(4dd603755e6392840b75861dfbf7ab2c) Importer(2089858483,0ecaa5967403d082aa24f35e1b516d23) Generated GUIDs only implemented for interfaces!
 -> (artifact id: 'b08af5a5fcc9f10700562cb6ce19c604') in 0.016229 seconds
Number of updated asset objects reloaded before import = 0
Number of asset objects unloaded after import = 7
========================================================================
Received Import Request.
  Time since last request: 0.000015 seconds.
  path: Assets/Prefab/prefabs_yup/unit_Tank_Heavy_A_yup.prefab
  artifactKey: Guid(066e771bcb048a643b4ef5d4554f90e5) Importer(2089858483,0ecaa5967403d082aa24f35e1b516d23)
Start importing Assets/Prefab/prefabs_yup/unit_Tank_Heavy_A_yup.prefab using Guid(066e771bcb048a643b4ef5d4554f90e5) Importer(2089858483,0ecaa5967403d082aa24f35e1b516d23) Generated GUIDs only implemented for interfaces!
 -> (artifact id: 'fe7b603b3cd9b355e9f72bd31ce3a59f') in 0.009115 seconds
Number of updated asset objects reloaded before import = 0
Number of asset objects unloaded after import = 17
========================================================================
Received Import Request.
  Time since last request: 0.000012 seconds.
  path: Assets/Prefab/prefabs_yup/struct_Slab_1x1_A_yup.prefab
  artifactKey: Guid(dc52fbc906cb33244ac2dc411d832583) Importer(2089858483,0ecaa5967403d082aa24f35e1b516d23)
Start importing Assets/Prefab/prefabs_yup/struct_Slab_1x1_A_yup.prefab using Guid(dc52fbc906cb33244ac2dc411d832583) Importer(2089858483,0ecaa5967403d082aa24f35e1b516d23) Generated GUIDs only implemented for interfaces!
 -> (artifact id: '96c0b914cd01322a9f7775fcbca121f6') in 0.011376 seconds
Number of updated asset objects reloaded before import = 0
Number of asset objects unloaded after import = 7
========================================================================
Received Import Request.
  Time since last request: 0.000014 seconds.
  path: Assets/Models/unit_Ornithopter_Light_B_yup.fbx
  artifactKey: Guid(e864f4e5e9cf5f84e9903fb361984758) Importer(2089858483,0ecaa5967403d082aa24f35e1b516d23)
Start importing Assets/Models/unit_Ornithopter_Light_B_yup.fbx using Guid(e864f4e5e9cf5f84e9903fb361984758) Importer(2089858483,0ecaa5967403d082aa24f35e1b516d23) Generated GUIDs only implemented for interfaces!
 -> (artifact id: 'ae1957ad08e644d7a6d50c2862fd5f64') in 0.018413 seconds
Number of updated asset objects reloaded before import = 0
Number of asset objects unloaded after import = 32
========================================================================
Received Import Request.
  Time since last request: 0.000016 seconds.
  path: Assets/Models/unit_Ornithopter_Light_A_yup.fbx
  artifactKey: Guid(614c0cf8c7367e94c9ddf8ade18e75a9) Importer(2089858483,0ecaa5967403d082aa24f35e1b516d23)
Start importing Assets/Models/unit_Ornithopter_Light_A_yup.fbx using Guid(614c0cf8c7367e94c9ddf8ade18e75a9) Importer(2089858483,0ecaa5967403d082aa24f35e1b516d23) Generated GUIDs only implemented for interfaces!
 -> (artifact id: '2c182cc2971724d71a0c914a7684a6c6') in 0.018494 seconds
Number of updated asset objects reloaded before import = 0
Number of asset objects unloaded after import = 32
========================================================================
Received Import Request.
  Time since last request: 0.000022 seconds.
  path: Assets/Prefab/prefabs_yup/env_Desert_Hill_C_yup.prefab
  artifactKey: Guid(7c9fd1d449efd0c4993231e6d9d8bcb4) Importer(2089858483,0ecaa5967403d082aa24f35e1b516d23)
Start importing Assets/Prefab/prefabs_yup/env_Desert_Hill_C_yup.prefab using Guid(7c9fd1d449efd0c4993231e6d9d8bcb4) Importer(2089858483,0ecaa5967403d082aa24f35e1b516d23) Generated GUIDs only implemented for interfaces!
 -> (artifact id: 'e0e7395e64ad2659c6cb7d88e797953a') in 0.009413 seconds
Number of updated asset objects reloaded before import = 0
Number of asset objects unloaded after import = 7
========================================================================
Received Import Request.
  Time since last request: 0.000014 seconds.
  path: Assets/Textures/txtr_canopus-iii_ground_sand.png
  artifactKey: Guid(439639e360a785540a62246a8fef39bd) Importer(2089858483,0ecaa5967403d082aa24f35e1b516d23)
Start importing Assets/Textures/txtr_canopus-iii_ground_sand.png using Guid(439639e360a785540a62246a8fef39bd) Importer(2089858483,0ecaa5967403d082aa24f35e1b516d23) Generated GUIDs only implemented for interfaces!
 -> (artifact id: '6051e9c4a37281e8a650bea2a6fabd6e') in 0.021087 seconds
Number of updated asset objects reloaded before import = 0
Number of asset objects unloaded after import = 1
========================================================================
Received Import Request.
  Time since last request: 0.000013 seconds.
  path: Assets/Models/struct_Misc_Building_A_yup.fbx
  artifactKey: Guid(7e4edc651c01cd6498590d4b9f79efbc) Importer(2089858483,0ecaa5967403d082aa24f35e1b516d23)
Start importing Assets/Models/struct_Misc_Building_A_yup.fbx using Guid(7e4edc651c01cd6498590d4b9f79efbc) Importer(2089858483,0ecaa5967403d082aa24f35e1b516d23) Generated GUIDs only implemented for interfaces!
 -> (artifact id: 'db6a240a9744c907c36d495edb39bdf8') in 0.014110 seconds
Number of updated asset objects reloaded before import = 0
Number of asset objects unloaded after import = 7
========================================================================
Received Import Request.
  Time since last request: 0.000012 seconds.
  path: Assets/Models/unit_Trike_B_yup.fbx
  artifactKey: Guid(a2811571219c5f04cb9305238e12d741) Importer(2089858483,0ecaa5967403d082aa24f35e1b516d23)
Start importing Assets/Models/unit_Trike_B_yup.fbx using Guid(a2811571219c5f04cb9305238e12d741) Importer(2089858483,0ecaa5967403d082aa24f35e1b516d23) Generated GUIDs only implemented for interfaces!
 -> (artifact id: '398307538d60da94e9546ca0fd44db8b') in 0.016912 seconds
Number of updated asset objects reloaded before import = 0
Number of asset objects unloaded after import = 27
========================================================================
Received Import Request.
  Time since last request: 0.000013 seconds.
  path: Assets/Models/env_Desert_Rock_Small_D_yup.fbx
  artifactKey: Guid(ba38c8cc5ffbde74bb740f5cf27eb9c4) Importer(2089858483,0ecaa5967403d082aa24f35e1b516d23)
Start importing Assets/Models/env_Desert_Rock_Small_D_yup.fbx using Guid(ba38c8cc5ffbde74bb740f5cf27eb9c4) Importer(2089858483,0ecaa5967403d082aa24f35e1b516d23) Generated GUIDs only implemented for interfaces!
 -> (artifact id: 'fd99f08ca4b19f01daa4651c91e72d20') in 0.013970 seconds
Number of updated asset objects reloaded before import = 0
Number of asset objects unloaded after import = 7
========================================================================
Received Import Request.
  Time since last request: 0.000013 seconds.
  path: Assets/Models/struct_Misc_Building_C_yup.fbx
  artifactKey: Guid(2132a24047484fd4da4fd37155dd6ec4) Importer(2089858483,0ecaa5967403d082aa24f35e1b516d23)
Start importing Assets/Models/struct_Misc_Building_C_yup.fbx using Guid(2132a24047484fd4da4fd37155dd6ec4) Importer(2089858483,0ecaa5967403d082aa24f35e1b516d23) Generated GUIDs only implemented for interfaces!
 -> (artifact id: 'ba4c781099ae066b7af7f1d2398c20d6') in 0.014322 seconds
Number of updated asset objects reloaded before import = 0
Number of asset objects unloaded after import = 7
========================================================================
Received Import Request.
  Time since last request: 0.000012 seconds.
  path: Assets/Materials/mtrl_canopus-iii_set01-green.mat
  artifactKey: Guid(466c52d1edcd56d4b95e88152cfc7345) Importer(2089858483,0ecaa5967403d082aa24f35e1b516d23)
Start importing Assets/Materials/mtrl_canopus-iii_set01-green.mat using Guid(466c52d1edcd56d4b95e88152cfc7345) Importer(2089858483,0ecaa5967403d082aa24f35e1b516d23) Generated GUIDs only implemented for interfaces!
 -> (artifact id: '4ff7066688c29719974e31139240a153') in 0.018615 seconds
Number of updated asset objects reloaded before import = 0
Number of asset objects unloaded after import = 3
========================================================================
Received Import Request.
  Time since last request: 0.000012 seconds.
  path: Assets/Prefab/prefabs_yup/struct_Silo_A_yup.prefab
  artifactKey: Guid(790e91a93f6a8194288975cddfb8e63c) Importer(2089858483,0ecaa5967403d082aa24f35e1b516d23)
Start importing Assets/Prefab/prefabs_yup/struct_Silo_A_yup.prefab using Guid(790e91a93f6a8194288975cddfb8e63c) Importer(2089858483,0ecaa5967403d082aa24f35e1b516d23) Generated GUIDs only implemented for interfaces!
 -> (artifact id: '1643731cffe6a8589fed212921504919') in 0.010856 seconds
Number of updated asset objects reloaded before import = 0
Number of asset objects unloaded after import = 7
========================================================================
Received Import Request.
  Time since last request: 0.004436 seconds.
  path: Assets/Prefab/prefabs_yup/unit_Harvester_A_yup.prefab
  artifactKey: Guid(76ab47e270e04e948a1df5cf948b0a55) Importer(2089858483,0ecaa5967403d082aa24f35e1b516d23)
Start importing Assets/Prefab/prefabs_yup/unit_Harvester_A_yup.prefab using Guid(76ab47e270e04e948a1df5cf948b0a55) Importer(2089858483,0ecaa5967403d082aa24f35e1b516d23) Generated GUIDs only implemented for interfaces!
 -> (artifact id: 'b0bc7557f5cf617bbdf5c18490aad309') in 0.011257 seconds
Number of updated asset objects reloaded before import = 0
Number of asset objects unloaded after import = 92
========================================================================
Received Import Request.
  Time since last request: 0.000014 seconds.
  path: Assets/Prefab/prefabs_yup/struct_Turret_Gun_A_yup.prefab
  artifactKey: Guid(d358bb72863aadd49b558e0234676dc8) Importer(2089858483,0ecaa5967403d082aa24f35e1b516d23)
Start importing Assets/Prefab/prefabs_yup/struct_Turret_Gun_A_yup.prefab using Guid(d358bb72863aadd49b558e0234676dc8) Importer(2089858483,0ecaa5967403d082aa24f35e1b516d23) Generated GUIDs only implemented for interfaces!
 -> (artifact id: '98a6f6f131bf47460b43add751a50cb3') in 0.010667 seconds
Number of updated asset objects reloaded before import = 0
Number of asset objects unloaded after import = 17
========================================================================
Received Import Request.
  Time since last request: 0.000015 seconds.
  path: Assets/Prefab/prefabs_yup/struct_Research_Lab_A_yup.prefab
  artifactKey: Guid(afa9acf52d24d574db80f2c36fcc80bc) Importer(2089858483,0ecaa5967403d082aa24f35e1b516d23)
Start importing Assets/Prefab/prefabs_yup/struct_Research_Lab_A_yup.prefab using Guid(afa9acf52d24d574db80f2c36fcc80bc) Importer(2089858483,0ecaa5967403d082aa24f35e1b516d23) Generated GUIDs only implemented for interfaces!
 -> (artifact id: '5b513a824493ff1f6e861e6ca8a00f3c') in 0.011879 seconds
Number of updated asset objects reloaded before import = 0
Number of asset objects unloaded after import = 7
========================================================================
Received Import Request.
  Time since last request: 0.000013 seconds.
  path: Assets/Models/env_Desert_Hill_C_yup.fbx
  artifactKey: Guid(41dba6b882ba0f448980e3d261b8c8ff) Importer(2089858483,0ecaa5967403d082aa24f35e1b516d23)
Start importing Assets/Models/env_Desert_Hill_C_yup.fbx using Guid(41dba6b882ba0f448980e3d261b8c8ff) Importer(2089858483,0ecaa5967403d082aa24f35e1b516d23) Generated GUIDs only implemented for interfaces!
 -> (artifact id: '3a6389bad472d7ce2e8d395278aa0f29') in 0.014521 seconds
Number of updated asset objects reloaded before import = 0
Number of asset objects unloaded after import = 7
========================================================================
Received Import Request.
  Time since last request: 0.000014 seconds.
  path: Assets/Models/env_Desert_Rock_Small_C_yup.fbx
  artifactKey: Guid(9850f75c11f734d488b2c1a013a76f48) Importer(2089858483,0ecaa5967403d082aa24f35e1b516d23)
Start importing Assets/Models/env_Desert_Rock_Small_C_yup.fbx using Guid(9850f75c11f734d488b2c1a013a76f48) Importer(2089858483,0ecaa5967403d082aa24f35e1b516d23) Generated GUIDs only implemented for interfaces!
 -> (artifact id: 'dcfff0dc440b3e84f70394b97ca25cc0') in 0.015327 seconds
Number of updated asset objects reloaded before import = 0
Number of asset objects unloaded after import = 7
========================================================================
Received Import Request.
  Time since last request: 0.000015 seconds.
  path: Assets/Models/struct_Windtrap_A_yup.fbx
  artifactKey: Guid(a37bb37a83dd4f2479827803fe11a8cd) Importer(2089858483,0ecaa5967403d082aa24f35e1b516d23)
Start importing Assets/Models/struct_Windtrap_A_yup.fbx using Guid(a37bb37a83dd4f2479827803fe11a8cd) Importer(2089858483,0ecaa5967403d082aa24f35e1b516d23) Generated GUIDs only implemented for interfaces!
 -> (artifact id: '67240fdf26ea70de41362c38e7f13126') in 0.017143 seconds
Number of updated asset objects reloaded before import = 0
Number of asset objects unloaded after import = 12
========================================================================
Received Import Request.
  Time since last request: 0.000013 seconds.
  path: Assets/Models/env_Desert_Cliff_D_yup.fbx
  artifactKey: Guid(cf5b3d13bf6cd13418bac0e54a98c582) Importer(2089858483,0ecaa5967403d082aa24f35e1b516d23)
Start importing Assets/Models/env_Desert_Cliff_D_yup.fbx using Guid(cf5b3d13bf6cd13418bac0e54a98c582) Importer(2089858483,0ecaa5967403d082aa24f35e1b516d23) Generated GUIDs only implemented for interfaces!
 -> (artifact id: '9a7a960126ddd289abc870129fbe74c8') in 0.013729 seconds
Number of updated asset objects reloaded before import = 0
Number of asset objects unloaded after import = 7
========================================================================
Received Import Request.
  Time since last request: 0.000018 seconds.
  path: Assets/Models/env_Desert_Hill_B_yup.fbx
  artifactKey: Guid(ad16bd899d7c71843a99c25a961e9439) Importer(2089858483,0ecaa5967403d082aa24f35e1b516d23)
Start importing Assets/Models/env_Desert_Hill_B_yup.fbx using Guid(ad16bd899d7c71843a99c25a961e9439) Importer(2089858483,0ecaa5967403d082aa24f35e1b516d23) Generated GUIDs only implemented for interfaces!
 -> (artifact id: 'ad12fe43d1e272d92985e30d2f6e8e8c') in 0.014434 seconds
Number of updated asset objects reloaded before import = 0
Number of asset objects unloaded after import = 7
========================================================================
Received Import Request.
  Time since last request: 0.000012 seconds.
  path: Assets/Prefab/prefabs_yup/env_Desert_Rock_Small_D_yup.prefab
  artifactKey: Guid(097008e2280e27546898460403c44a44) Importer(2089858483,0ecaa5967403d082aa24f35e1b516d23)
Start importing Assets/Prefab/prefabs_yup/env_Desert_Rock_Small_D_yup.prefab using Guid(097008e2280e27546898460403c44a44) Importer(2089858483,0ecaa5967403d082aa24f35e1b516d23) Generated GUIDs only implemented for interfaces!
 -> (artifact id: '27b1dff179dc4c97b75ab55649e018f7') in 0.013593 seconds
Number of updated asset objects reloaded before import = 0
Number of asset objects unloaded after import = 7
========================================================================
Received Import Request.
  Time since last request: 0.000016 seconds.
  path: Assets/Models/struct_Misc_Building_B_yup.fbx
  artifactKey: Guid(f4d97cbf8afbe3243b8e699d23366926) Importer(2089858483,0ecaa5967403d082aa24f35e1b516d23)
Start importing Assets/Models/struct_Misc_Building_B_yup.fbx using Guid(f4d97cbf8afbe3243b8e699d23366926) Importer(2089858483,0ecaa5967403d082aa24f35e1b516d23) Generated GUIDs only implemented for interfaces!
 -> (artifact id: '9153abbd0ad57c9ca47886808111a561') in 0.016612 seconds
Number of updated asset objects reloaded before import = 0
Number of asset objects unloaded after import = 7
========================================================================
Received Import Request.
  Time since last request: 0.000015 seconds.
  path: Assets/Prefab/prefabs_yup/env_Desert_Rock_Large_C_yup.prefab
  artifactKey: Guid(9dc62651ecdfa0547aa89759a06ff5ca) Importer(2089858483,0ecaa5967403d082aa24f35e1b516d23)
Start importing Assets/Prefab/prefabs_yup/env_Desert_Rock_Large_C_yup.prefab using Guid(9dc62651ecdfa0547aa89759a06ff5ca) Importer(2089858483,0ecaa5967403d082aa24f35e1b516d23) Generated GUIDs only implemented for interfaces!
 -> (artifact id: 'aafecf33180182986da3917350895442') in 0.013918 seconds
Number of updated asset objects reloaded before import = 0
Number of asset objects unloaded after import = 7
========================================================================
Received Import Request.
  Time since last request: 0.000013 seconds.
  path: Assets/Models/unit_Quad_A_yup.fbx
  artifactKey: Guid(554dd08a2e347ae4f8d201d7e9e0b514) Importer(2089858483,0ecaa5967403d082aa24f35e1b516d23)
Start importing Assets/Models/unit_Quad_A_yup.fbx using Guid(554dd08a2e347ae4f8d201d7e9e0b514) Importer(2089858483,0ecaa5967403d082aa24f35e1b516d23) Generated GUIDs only implemented for interfaces!
 -> (artifact id: '888daa5b95120f9fb688d2c2736e47d4') in 0.023905 seconds
Number of updated asset objects reloaded before import = 0
Number of asset objects unloaded after import = 27
========================================================================
Received Import Request.
  Time since last request: 0.000016 seconds.
  path: Assets/Prefab/prefabs_yup/struct_Misc_Building_C_yup.prefab
  artifactKey: Guid(97f260841ba4f5348bc6fb777fc8a726) Importer(2089858483,0ecaa5967403d082aa24f35e1b516d23)
Start importing Assets/Prefab/prefabs_yup/struct_Misc_Building_C_yup.prefab using Guid(97f260841ba4f5348bc6fb777fc8a726) Importer(2089858483,0ecaa5967403d082aa24f35e1b516d23) Generated GUIDs only implemented for interfaces!
 -> (artifact id: '7dc5f16d33737f820c6088e260bb4e67') in 0.075287 seconds
Number of updated asset objects reloaded before import = 0
Number of asset objects unloaded after import = 7
========================================================================
Received Import Request.
  Time since last request: 0.000020 seconds.
  path: Assets/Prefab/prefabs_yup/unit_Quad_A_yup.prefab
  artifactKey: Guid(e3affa12afb43014596440cac07d7c3b) Importer(2089858483,0ecaa5967403d082aa24f35e1b516d23)
Start importing Assets/Prefab/prefabs_yup/unit_Quad_A_yup.prefab using Guid(e3affa12afb43014596440cac07d7c3b) Importer(2089858483,0ecaa5967403d082aa24f35e1b516d23) Generated GUIDs only implemented for interfaces!
 -> (artifact id: '87b16ab31cf50b7f3a9ffea8e01af3ab') in 0.010536 seconds
Number of updated asset objects reloaded before import = 0
Number of asset objects unloaded after import = 27
========================================================================
Received Import Request.
  Time since last request: 0.000012 seconds.
  path: Assets/Prefab/prefabs_yup/env_Desert_Rock_Large_A_yup.prefab
  artifactKey: Guid(d9ccfdfd81b96fc4c881646f2c7110a9) Importer(2089858483,0ecaa5967403d082aa24f35e1b516d23)
Start importing Assets/Prefab/prefabs_yup/env_Desert_Rock_Large_A_yup.prefab using Guid(d9ccfdfd81b96fc4c881646f2c7110a9) Importer(2089858483,0ecaa5967403d082aa24f35e1b516d23) Generated GUIDs only implemented for interfaces!
 -> (artifact id: '8aa401bb86d74312e2ba2f50d3f60b02') in 0.010150 seconds
Number of updated asset objects reloaded before import = 0
Number of asset objects unloaded after import = 7
========================================================================
Received Import Request.
  Time since last request: 0.000010 seconds.
  path: Assets/Prefab/prefabs_yup/struct_Wall_A_Corner_yup.prefab
  artifactKey: Guid(b02aa011e06208c4995b38a14bc466de) Importer(2089858483,0ecaa5967403d082aa24f35e1b516d23)
Start importing Assets/Prefab/prefabs_yup/struct_Wall_A_Corner_yup.prefab using Guid(b02aa011e06208c4995b38a14bc466de) Importer(2089858483,0ecaa5967403d082aa24f35e1b516d23) Generated GUIDs only implemented for interfaces!
 -> (artifact id: 'b1cb52957efb363d817fe3d3316670c5') in 0.009428 seconds
Number of updated asset objects reloaded before import = 0
Number of asset objects unloaded after import = 7
========================================================================
Received Import Request.
  Time since last request: 130.797136 seconds.
  path: Assets/Scripts/BasicAbstractUnit.cs
  artifactKey: Guid(da61e6a22da86b545be020e7e9b5864b) Importer(815301076,1909f56bfc062723c751e8b465ee728b)
Start importing Assets/Scripts/BasicAbstractUnit.cs using Guid(da61e6a22da86b545be020e7e9b5864b) Importer(815301076,1909f56bfc062723c751e8b465ee728b)  -> (artifact id: '67abea2dfcf81a84cc298c9c8bfc34e0') in 0.004051 seconds
Number of updated asset objects reloaded before import = 0
Number of asset objects unloaded after import = 0
========================================================================
Received Prepare
Begin MonoManager ReloadAssembly
- Loaded All Assemblies, in  0.490 seconds
Refreshing native plugins compatible for Editor in 1.60 ms, found 3 plugins.
Native extension for WindowsStandalone target not found
[Package Manager] Server::EnsureServerProcessIsRunning -- launch failed, reason: Unity was launched with the -noUpm command-line argument
[Package Manager] UpmClient::Send -- Unable to send message (not connected to UPM process).
[Package Manager] Cannot connect to Unity Package Manager local server
Mono: successfully reloaded assembly
- Finished resetting the current domain, in  0.704 seconds
Domain Reload Profiling: 1188ms
	BeginReloadAssembly (158ms)
		ExecutionOrderSort (0ms)
		DisableScriptedObjects (9ms)
		BackupInstance (0ms)
		ReleaseScriptingObjects (0ms)
		CreateAndSetChildDomain (35ms)
	RebuildCommonClasses (30ms)
	RebuildNativeTypeToScriptingClass (15ms)
	initialDomainReloadingComplete (32ms)
	LoadAllAssembliesAndSetupDomain (249ms)
		LoadAssemblies (307ms)
		RebuildTransferFunctionScriptingTraits (0ms)
		AnalyzeDomain (24ms)
			TypeCache.Refresh (9ms)
				TypeCache.ScanAssembly (0ms)
			ScanForSourceGeneratedMonoScriptInfo (8ms)
			ResolveRequiredComponents (6ms)
	FinalizeReload (705ms)
		ReleaseScriptCaches (0ms)
		RebuildScriptCaches (0ms)
		SetupLoadedEditorAssemblies (348ms)
			LogAssemblyErrors (0ms)
			InitializePlatformSupportModulesInManaged (7ms)
			SetLoadedEditorAssemblies (11ms)
			RefreshPlugins (0ms)
			BeforeProcessingInitializeOnLoad (90ms)
			ProcessInitializeOnLoadAttributes (220ms)
			ProcessInitializeOnLoadMethodAttributes (15ms)
			AfterProcessingInitializeOnLoad (5ms)
			EditorAssembliesLoaded (0ms)
		ExecutionOrderSort2 (0ms)
		AwakeInstancesAfterBackupRestoration (5ms)
Refreshing native plugins compatible for Editor in 1.63 ms, found 3 plugins.
Preloading 0 native plugins for Editor in 0.00 ms.
Unloading 3062 Unused Serialized files (Serialized files now loaded: 0)
Unloading 22 unused Assets / (30.5 KB). Loaded Objects now: 3545.
Memory consumption went from 113.7 MB to 113.7 MB.
Total: 1.870900 ms (FindLiveObjects: 0.142300 ms CreateObjectMapping: 0.064300 ms MarkObjects: 1.631900 ms  DeleteObjects: 0.031800 ms)

Prepare: number of updated asset objects reloaded= 0
AssetImportParameters requested are different than current active one (requested -> active):
  custom:container-demuxer-ogg: 62fdf1f143b41e24485cea50d1cbac27 -> 
  custom:video-decoder-ogg-theora: a1e56fd34408186e4bbccfd4996cb3dc -> 
  custom:framework-win-MediaFoundation: 216162199b28c13a410421893ffa2e32 -> 
  custom:CustomObjectIndexerAttribute: 756ad292c208cfabdd7b50bc23989ffe -> 
  custom:container-demuxer-webm: 4f35f7cbe854078d1ac9338744f61a02 -> 
  custom:container-muxer-webm: aa71ff27fc2769a1b78a27578f13a17b -> 
  custom:video-decoder-webm-vp8: 9c59270c3fd7afecdb556c50c9e8de78 -> 
  custom:SearchIndexIgnoredProperties: e643bd26f0fe6173181afceb89e7c659 -> 
  custom:AudioImporter_EditorPlatform: d09bf68614088b80899f8185d706f6e7 -> 
  custom:video-encoder-webm-vp8: eb34c28f22e8b96e1ab97ce403110664 -> 
  custom:audio-decoder-ogg-vorbis: bf7c407c2cedff20999df2af8eb42d56 -> 
  custom:audio-encoder-webm-vorbis: bf7c407c2cedff20999df2af8eb42d56 -> 
========================================================================
Received Import Request.
  Time since last request: 19.726975 seconds.
  path: Assets/Scripts/Unit
  artifactKey: Guid(507a0c6ed5fbe384cb02e2c2bae1c7d2) Importer(815301076,1909f56bfc062723c751e8b465ee728b)
Start importing Assets/Scripts/Unit using Guid(507a0c6ed5fbe384cb02e2c2bae1c7d2) Importer(815301076,1909f56bfc062723c751e8b465ee728b)  -> (artifact id: 'eb33c7ee45841b506f0af4be70031970') in 0.001973 seconds
Number of updated asset objects reloaded before import = 0
Number of asset objects unloaded after import = 0
========================================================================
Received Prepare
Begin MonoManager ReloadAssembly
- Loaded All Assemblies, in  0.360 seconds
Refreshing native plugins compatible for Editor in 1.61 ms, found 3 plugins.
Native extension for WindowsStandalone target not found
[Package Manager] Server::EnsureServerProcessIsRunning -- launch failed, reason: Unity was launched with the -noUpm command-line argument
[Package Manager] UpmClient::Send -- Unable to send message (not connected to UPM process).
[Package Manager] Cannot connect to Unity Package Manager local server
Mono: successfully reloaded assembly
- Finished resetting the current domain, in  0.635 seconds
Domain Reload Profiling: 993ms
	BeginReloadAssembly (124ms)
		ExecutionOrderSort (0ms)
		DisableScriptedObjects (4ms)
		BackupInstance (0ms)
		ReleaseScriptingObjects (0ms)
		CreateAndSetChildDomain (24ms)
	RebuildCommonClasses (34ms)
	RebuildNativeTypeToScriptingClass (11ms)
	initialDomainReloadingComplete (27ms)
	LoadAllAssembliesAndSetupDomain (162ms)
		LoadAssemblies (217ms)
		RebuildTransferFunctionScriptingTraits (0ms)
		AnalyzeDomain (17ms)
			TypeCache.Refresh (7ms)
				TypeCache.ScanAssembly (0ms)
			ScanForSourceGeneratedMonoScriptInfo (6ms)
			ResolveRequiredComponents (3ms)
	FinalizeReload (635ms)
		ReleaseScriptCaches (0ms)
		RebuildScriptCaches (0ms)
		SetupLoadedEditorAssemblies (316ms)
			LogAssemblyErrors (0ms)
			InitializePlatformSupportModulesInManaged (5ms)
			SetLoadedEditorAssemblies (4ms)
			RefreshPlugins (0ms)
			BeforeProcessingInitializeOnLoad (53ms)
			ProcessInitializeOnLoadAttributes (237ms)
			ProcessInitializeOnLoadMethodAttributes (13ms)
			AfterProcessingInitializeOnLoad (5ms)
			EditorAssembliesLoaded (0ms)
		ExecutionOrderSort2 (0ms)
		AwakeInstancesAfterBackupRestoration (5ms)
Refreshing native plugins compatible for Editor in 2.33 ms, found 3 plugins.
Preloading 0 native plugins for Editor in 0.00 ms.
Unloading 3063 Unused Serialized files (Serialized files now loaded: 0)
Unloading 22 unused Assets / (30.5 KB). Loaded Objects now: 3549.
Memory consumption went from 113.8 MB to 113.7 MB.
Total: 2.566200 ms (FindLiveObjects: 0.137100 ms CreateObjectMapping: 0.067200 ms MarkObjects: 2.324600 ms  DeleteObjects: 0.036400 ms)

Prepare: number of updated asset objects reloaded= 0
AssetImportParameters requested are different than current active one (requested -> active):
  custom:container-demuxer-ogg: 62fdf1f143b41e24485cea50d1cbac27 -> 
  custom:video-decoder-ogg-theora: a1e56fd34408186e4bbccfd4996cb3dc -> 
  custom:framework-win-MediaFoundation: 216162199b28c13a410421893ffa2e32 -> 
  custom:CustomObjectIndexerAttribute: 756ad292c208cfabdd7b50bc23989ffe -> 
  custom:container-demuxer-webm: 4f35f7cbe854078d1ac9338744f61a02 -> 
  custom:container-muxer-webm: aa71ff27fc2769a1b78a27578f13a17b -> 
  custom:video-decoder-webm-vp8: 9c59270c3fd7afecdb556c50c9e8de78 -> 
  custom:SearchIndexIgnoredProperties: e643bd26f0fe6173181afceb89e7c659 -> 
  custom:AudioImporter_EditorPlatform: d09bf68614088b80899f8185d706f6e7 -> 
  custom:video-encoder-webm-vp8: eb34c28f22e8b96e1ab97ce403110664 -> 
  custom:audio-decoder-ogg-vorbis: bf7c407c2cedff20999df2af8eb42d56 -> 
  custom:audio-encoder-webm-vorbis: bf7c407c2cedff20999df2af8eb42d56 -> 
========================================================================
Received Import Request.
  Time since last request: 47.642717 seconds.
  path: Assets/Scripts/Unit/NewBehaviourScript.cs
  artifactKey: Guid(91af3e49761c9084bbec79d6e2666d86) Importer(815301076,1909f56bfc062723c751e8b465ee728b)
Start importing Assets/Scripts/Unit/NewBehaviourScript.cs using Guid(91af3e49761c9084bbec79d6e2666d86) Importer(815301076,1909f56bfc062723c751e8b465ee728b)  -> (artifact id: '7b955c8d8e2844db8d60653290e0f6fd') in 0.001695 seconds
Number of updated asset objects reloaded before import = 0
Number of asset objects unloaded after import = 0
========================================================================
Received Import Request.
  Time since last request: 33.266670 seconds.
  path: Assets/Scripts/Unit/MovingBehaviour.cs
  artifactKey: Guid(91af3e49761c9084bbec79d6e2666d86) Importer(815301076,1909f56bfc062723c751e8b465ee728b)
Start importing Assets/Scripts/Unit/MovingBehaviour.cs using Guid(91af3e49761c9084bbec79d6e2666d86) Importer(815301076,1909f56bfc062723c751e8b465ee728b)  -> (artifact id: '4bb27e5a3af4c08145236ea326f4e902') in 0.000485 seconds
Number of updated asset objects reloaded before import = 0
Number of asset objects unloaded after import = 0
========================================================================
Received Prepare
Begin MonoManager ReloadAssembly
- Loaded All Assemblies, in  0.348 seconds
Refreshing native plugins compatible for Editor in 1.65 ms, found 3 plugins.
Native extension for WindowsStandalone target not found
[Package Manager] Server::EnsureServerProcessIsRunning -- launch failed, reason: Unity was launched with the -noUpm command-line argument
[Package Manager] UpmClient::Send -- Unable to send message (not connected to UPM process).
[Package Manager] Cannot connect to Unity Package Manager local server
Mono: successfully reloaded assembly
- Finished resetting the current domain, in  0.598 seconds
Domain Reload Profiling: 945ms
	BeginReloadAssembly (120ms)
		ExecutionOrderSort (0ms)
		DisableScriptedObjects (3ms)
		BackupInstance (0ms)
		ReleaseScriptingObjects (0ms)
		CreateAndSetChildDomain (24ms)
	RebuildCommonClasses (45ms)
	RebuildNativeTypeToScriptingClass (11ms)
	initialDomainReloadingComplete (23ms)
	LoadAllAssembliesAndSetupDomain (146ms)
		LoadAssemblies (201ms)
		RebuildTransferFunctionScriptingTraits (0ms)
		AnalyzeDomain (14ms)
			TypeCache.Refresh (6ms)
				TypeCache.ScanAssembly (0ms)
			ScanForSourceGeneratedMonoScriptInfo (5ms)
			ResolveRequiredComponents (3ms)
	FinalizeReload (599ms)
		ReleaseScriptCaches (0ms)
		RebuildScriptCaches (0ms)
		SetupLoadedEditorAssemblies (301ms)
			LogAssemblyErrors (0ms)
			InitializePlatformSupportModulesInManaged (6ms)
			SetLoadedEditorAssemblies (3ms)
			RefreshPlugins (0ms)
			BeforeProcessingInitializeOnLoad (53ms)
			ProcessInitializeOnLoadAttributes (221ms)
			ProcessInitializeOnLoadMethodAttributes (14ms)
			AfterProcessingInitializeOnLoad (4ms)
			EditorAssembliesLoaded (0ms)
		ExecutionOrderSort2 (0ms)
		AwakeInstancesAfterBackupRestoration (4ms)
Refreshing native plugins compatible for Editor in 1.62 ms, found 3 plugins.
Preloading 0 native plugins for Editor in 0.00 ms.
Unloading 3063 Unused Serialized files (Serialized files now loaded: 0)
Unloading 22 unused Assets / (30.6 KB). Loaded Objects now: 3552.
Memory consumption went from 113.8 MB to 113.7 MB.
Total: 1.876000 ms (FindLiveObjects: 0.138900 ms CreateObjectMapping: 0.061600 ms MarkObjects: 1.639100 ms  DeleteObjects: 0.035600 ms)

Prepare: number of updated asset objects reloaded= 0
AssetImportParameters requested are different than current active one (requested -> active):
  custom:container-demuxer-ogg: 62fdf1f143b41e24485cea50d1cbac27 -> 
  custom:video-decoder-ogg-theora: a1e56fd34408186e4bbccfd4996cb3dc -> 
  custom:framework-win-MediaFoundation: 216162199b28c13a410421893ffa2e32 -> 
  custom:CustomObjectIndexerAttribute: 756ad292c208cfabdd7b50bc23989ffe -> 
  custom:container-demuxer-webm: 4f35f7cbe854078d1ac9338744f61a02 -> 
  custom:container-muxer-webm: aa71ff27fc2769a1b78a27578f13a17b -> 
  custom:video-decoder-webm-vp8: 9c59270c3fd7afecdb556c50c9e8de78 -> 
  custom:SearchIndexIgnoredProperties: e643bd26f0fe6173181afceb89e7c659 -> 
  custom:AudioImporter_EditorPlatform: d09bf68614088b80899f8185d706f6e7 -> 
  custom:video-encoder-webm-vp8: eb34c28f22e8b96e1ab97ce403110664 -> 
  custom:audio-decoder-ogg-vorbis: bf7c407c2cedff20999df2af8eb42d56 -> 
  custom:audio-encoder-webm-vorbis: bf7c407c2cedff20999df2af8eb42d56 -> 
========================================================================
Received Prepare
Begin MonoManager ReloadAssembly
- Loaded All Assemblies, in  0.290 seconds
Refreshing native plugins compatible for Editor in 1.54 ms, found 3 plugins.
Native extension for WindowsStandalone target not found
[Package Manager] Server::EnsureServerProcessIsRunning -- launch failed, reason: Unity was launched with the -noUpm command-line argument
[Package Manager] UpmClient::Send -- Unable to send message (not connected to UPM process).
[Package Manager] Cannot connect to Unity Package Manager local server
Mono: successfully reloaded assembly
- Finished resetting the current domain, in  0.496 seconds
Domain Reload Profiling: 785ms
	BeginReloadAssembly (108ms)
		ExecutionOrderSort (0ms)
		DisableScriptedObjects (4ms)
		BackupInstance (0ms)
		ReleaseScriptingObjects (0ms)
		CreateAndSetChildDomain (23ms)
	RebuildCommonClasses (23ms)
	RebuildNativeTypeToScriptingClass (7ms)
	initialDomainReloadingComplete (18ms)
	LoadAllAssembliesAndSetupDomain (132ms)
		LoadAssemblies (176ms)
		RebuildTransferFunctionScriptingTraits (0ms)
		AnalyzeDomain (14ms)
			TypeCache.Refresh (6ms)
				TypeCache.ScanAssembly (0ms)
			ScanForSourceGeneratedMonoScriptInfo (5ms)
			ResolveRequiredComponents (3ms)
	FinalizeReload (496ms)
		ReleaseScriptCaches (0ms)
		RebuildScriptCaches (0ms)
		SetupLoadedEditorAssemblies (257ms)
			LogAssemblyErrors (0ms)
			InitializePlatformSupportModulesInManaged (4ms)
			SetLoadedEditorAssemblies (3ms)
			RefreshPlugins (0ms)
			BeforeProcessingInitializeOnLoad (40ms)
			ProcessInitializeOnLoadAttributes (193ms)
			ProcessInitializeOnLoadMethodAttributes (12ms)
			AfterProcessingInitializeOnLoad (5ms)
			EditorAssembliesLoaded (0ms)
		ExecutionOrderSort2 (0ms)
		AwakeInstancesAfterBackupRestoration (5ms)
Refreshing native plugins compatible for Editor in 1.53 ms, found 3 plugins.
Preloading 0 native plugins for Editor in 0.00 ms.
Unloading 3064 Unused Serialized files (Serialized files now loaded: 0)
Unloading 22 unused Assets / (30.5 KB). Loaded Objects now: 3555.
Memory consumption went from 114.0 MB to 114.0 MB.
Total: 1.849200 ms (FindLiveObjects: 0.160200 ms CreateObjectMapping: 0.062300 ms MarkObjects: 1.593200 ms  DeleteObjects: 0.032700 ms)

Prepare: number of updated asset objects reloaded= 0
AssetImportParameters requested are different than current active one (requested -> active):
  custom:container-demuxer-ogg: 62fdf1f143b41e24485cea50d1cbac27 -> 
  custom:video-decoder-ogg-theora: a1e56fd34408186e4bbccfd4996cb3dc -> 
  custom:framework-win-MediaFoundation: 216162199b28c13a410421893ffa2e32 -> 
  custom:CustomObjectIndexerAttribute: 756ad292c208cfabdd7b50bc23989ffe -> 
  custom:container-demuxer-webm: 4f35f7cbe854078d1ac9338744f61a02 -> 
  custom:container-muxer-webm: aa71ff27fc2769a1b78a27578f13a17b -> 
  custom:video-decoder-webm-vp8: 9c59270c3fd7afecdb556c50c9e8de78 -> 
  custom:SearchIndexIgnoredProperties: e643bd26f0fe6173181afceb89e7c659 -> 
  custom:AudioImporter_EditorPlatform: d09bf68614088b80899f8185d706f6e7 -> 
  custom:video-encoder-webm-vp8: eb34c28f22e8b96e1ab97ce403110664 -> 
  custom:audio-decoder-ogg-vorbis: bf7c407c2cedff20999df2af8eb42d56 -> 
  custom:audio-encoder-webm-vorbis: bf7c407c2cedff20999df2af8eb42d56 -> 
========================================================================
Received Prepare
Begin MonoManager ReloadAssembly
- Loaded All Assemblies, in  0.292 seconds
Refreshing native plugins compatible for Editor in 1.51 ms, found 3 plugins.
Native extension for WindowsStandalone target not found
[Package Manager] Server::EnsureServerProcessIsRunning -- launch failed, reason: Unity was launched with the -noUpm command-line argument
[Package Manager] UpmClient::Send -- Unable to send message (not connected to UPM process).
[Package Manager] Cannot connect to Unity Package Manager local server
Mono: successfully reloaded assembly
- Finished resetting the current domain, in  0.504 seconds
Domain Reload Profiling: 795ms
	BeginReloadAssembly (109ms)
		ExecutionOrderSort (0ms)
		DisableScriptedObjects (3ms)
		BackupInstance (0ms)
		ReleaseScriptingObjects (0ms)
		CreateAndSetChildDomain (21ms)
	RebuildCommonClasses (22ms)
	RebuildNativeTypeToScriptingClass (8ms)
	initialDomainReloadingComplete (19ms)
	LoadAllAssembliesAndSetupDomain (133ms)
		LoadAssemblies (180ms)
		RebuildTransferFunctionScriptingTraits (0ms)
		AnalyzeDomain (14ms)
			TypeCache.Refresh (6ms)
				TypeCache.ScanAssembly (0ms)
			ScanForSourceGeneratedMonoScriptInfo (5ms)
			ResolveRequiredComponents (3ms)
	FinalizeReload (505ms)
		ReleaseScriptCaches (0ms)
		RebuildScriptCaches (0ms)
		SetupLoadedEditorAssemblies (260ms)
			LogAssemblyErrors (0ms)
			InitializePlatformSupportModulesInManaged (4ms)
			SetLoadedEditorAssemblies (3ms)
			RefreshPlugins (0ms)
			BeforeProcessingInitializeOnLoad (39ms)
			ProcessInitializeOnLoadAttributes (197ms)
			ProcessInitializeOnLoadMethodAttributes (14ms)
			AfterProcessingInitializeOnLoad (4ms)
			EditorAssembliesLoaded (0ms)
		ExecutionOrderSort2 (0ms)
		AwakeInstancesAfterBackupRestoration (4ms)
Refreshing native plugins compatible for Editor in 1.51 ms, found 3 plugins.
Preloading 0 native plugins for Editor in 0.00 ms.
Unloading 3064 Unused Serialized files (Serialized files now loaded: 0)
Unloading 22 unused Assets / (30.5 KB). Loaded Objects now: 3558.
Memory consumption went from 114.0 MB to 114.0 MB.
Total: 1.980900 ms (FindLiveObjects: 0.139000 ms CreateObjectMapping: 0.063600 ms MarkObjects: 1.738000 ms  DeleteObjects: 0.039300 ms)

Prepare: number of updated asset objects reloaded= 0
AssetImportParameters requested are different than current active one (requested -> active):
  custom:container-demuxer-ogg: 62fdf1f143b41e24485cea50d1cbac27 -> 
  custom:video-decoder-ogg-theora: a1e56fd34408186e4bbccfd4996cb3dc -> 
  custom:framework-win-MediaFoundation: 216162199b28c13a410421893ffa2e32 -> 
  custom:CustomObjectIndexerAttribute: 756ad292c208cfabdd7b50bc23989ffe -> 
  custom:container-demuxer-webm: 4f35f7cbe854078d1ac9338744f61a02 -> 
  custom:container-muxer-webm: aa71ff27fc2769a1b78a27578f13a17b -> 
  custom:video-decoder-webm-vp8: 9c59270c3fd7afecdb556c50c9e8de78 -> 
  custom:SearchIndexIgnoredProperties: e643bd26f0fe6173181afceb89e7c659 -> 
  custom:AudioImporter_EditorPlatform: d09bf68614088b80899f8185d706f6e7 -> 
  custom:video-encoder-webm-vp8: eb34c28f22e8b96e1ab97ce403110664 -> 
  custom:audio-decoder-ogg-vorbis: bf7c407c2cedff20999df2af8eb42d56 -> 
  custom:audio-encoder-webm-vorbis: bf7c407c2cedff20999df2af8eb42d56 -> 
