Using pre-set license
Built from '2022.3/staging' branch; Version is '2022.3.9f1 (ea401c316338) revision 15351836'; Using compiler version '192829333'; Build Type 'Release'
OS: 'Windows 10  (10.0.19045) 64bit Professional' Language: 'uk' Physical Memory: 16194 MB
BatchMode: 1, IsHumanControllingUs: 0, StartBugReporterOnCrash: 0, Is64bit: 1, IsPro: 1

COMMAND LINE ARGUMENTS:
C:\Program Files\Unity\Hub\Editor\2022.3.9f1\Editor\Unity.exe
-adb2
-batchMode
-noUpm
-name
AssetImportWorker0
-projectPath
C:/Users/RegandwyZ/Desktop/TankBattle/TankBattle
-logFile
Logs/AssetImportWorker0.log
-srvPort
62201
Successfully changed project path to: C:/Users/RegandwyZ/Desktop/TankBattle/TankBattle
C:/Users/RegandwyZ/Desktop/TankBattle/TankBattle
[UnityMemory] Configuration Parameters - Can be set up in boot.config
    "memorysetup-bucket-allocator-granularity=16"
    "memorysetup-bucket-allocator-bucket-count=8"
    "memorysetup-bucket-allocator-block-size=33554432"
    "memorysetup-bucket-allocator-block-count=8"
    "memorysetup-main-allocator-block-size=16777216"
    "memorysetup-thread-allocator-block-size=16777216"
    "memorysetup-gfx-main-allocator-block-size=16777216"
    "memorysetup-gfx-thread-allocator-block-size=16777216"
    "memorysetup-cache-allocator-block-size=4194304"
    "memorysetup-typetree-allocator-block-size=2097152"
    "memorysetup-profiler-bucket-allocator-granularity=16"
    "memorysetup-profiler-bucket-allocator-bucket-count=8"
    "memorysetup-profiler-bucket-allocator-block-size=33554432"
    "memorysetup-profiler-bucket-allocator-block-count=8"
    "memorysetup-profiler-allocator-block-size=16777216"
    "memorysetup-profiler-editor-allocator-block-size=1048576"
    "memorysetup-temp-allocator-size-main=16777216"
    "memorysetup-job-temp-allocator-block-size=2097152"
    "memorysetup-job-temp-allocator-block-size-background=1048576"
    "memorysetup-job-temp-allocator-reduction-small-platforms=262144"
    "memorysetup-allocator-temp-initial-block-size-main=262144"
    "memorysetup-allocator-temp-initial-block-size-worker=262144"
    "memorysetup-temp-allocator-size-background-worker=32768"
    "memorysetup-temp-allocator-size-job-worker=262144"
    "memorysetup-temp-allocator-size-preload-manager=33554432"
    "memorysetup-temp-allocator-size-nav-mesh-worker=65536"
    "memorysetup-temp-allocator-size-audio-worker=65536"
    "memorysetup-temp-allocator-size-cloud-worker=32768"
    "memorysetup-temp-allocator-size-gi-baking-worker=262144"
    "memorysetup-temp-allocator-size-gfx=262144"
Player connection [9940] Host "[IP] 192.168.0.109 [Port] 0 [Flags] 2 [Guid] 2545750833 [EditorId] 2545750833 [Version] 1048832 [Id] WindowsEditor(7,DESKTOP-3KLV7JH) [Debug] 1 [PackageName] WindowsEditor [ProjectName] Editor" joined multi-casting on [225.0.0.222:54997]...

Player connection [9940] Host "[IP] 192.168.0.109 [Port] 0 [Flags] 2 [Guid] 2545750833 [EditorId] 2545750833 [Version] 1048832 [Id] WindowsEditor(7,DESKTOP-3KLV7JH) [Debug] 1 [PackageName] WindowsEditor [ProjectName] Editor" joined alternative multi-casting on [225.0.0.222:34997]...

[Physics::Module] Initialized MultithreadedJobDispatcher with 11 workers.
Refreshing native plugins compatible for Editor in 3.92 ms, found 3 plugins.
Preloading 0 native plugins for Editor in 0.00 ms.
Initialize engine version: 2022.3.9f1 (ea401c316338)
[Subsystems] Discovering subsystems at path C:/Program Files/Unity/Hub/Editor/2022.3.9f1/Editor/Data/Resources/UnitySubsystems
[Subsystems] Discovering subsystems at path C:/Users/RegandwyZ/Desktop/TankBattle/TankBattle/Assets
GfxDevice: creating device client; threaded=0; jobified=0
Direct3D:
    Version:  Direct3D 11.0 [level 11.1]
    Renderer: NVIDIA GeForce GTX 1060 3GB (ID=0x1c02)
    Vendor:   NVIDIA
    VRAM:     2978 MB
    Driver:   31.0.15.3758
Initialize mono
Mono path[0] = 'C:/Program Files/Unity/Hub/Editor/2022.3.9f1/Editor/Data/Managed'
Mono path[1] = 'C:/Program Files/Unity/Hub/Editor/2022.3.9f1/Editor/Data/MonoBleedingEdge/lib/mono/unityjit-win32'
Mono config path = 'C:/Program Files/Unity/Hub/Editor/2022.3.9f1/Editor/Data/MonoBleedingEdge/etc'
Using monoOptions --debugger-agent=transport=dt_socket,embedding=1,server=y,suspend=n,address=127.0.0.1:56736
Begin MonoManager ReloadAssembly
Registering precompiled unity dll's ...
Register platform support module: C:/Program Files/Unity/Hub/Editor/2022.3.9f1/Editor/Data/PlaybackEngines/WindowsStandaloneSupport/UnityEditor.WindowsStandalone.Extensions.dll
Registered in 0.005747 seconds.
- Loaded All Assemblies, in  0.230 seconds
Native extension for WindowsStandalone target not found
Mono: successfully reloaded assembly
- Finished resetting the current domain, in  0.172 seconds
Domain Reload Profiling: 402ms
	BeginReloadAssembly (71ms)
		ExecutionOrderSort (0ms)
		DisableScriptedObjects (0ms)
		BackupInstance (0ms)
		ReleaseScriptingObjects (0ms)
		CreateAndSetChildDomain (1ms)
	RebuildCommonClasses (22ms)
	RebuildNativeTypeToScriptingClass (7ms)
	initialDomainReloadingComplete (39ms)
	LoadAllAssembliesAndSetupDomain (89ms)
		LoadAssemblies (70ms)
		RebuildTransferFunctionScriptingTraits (0ms)
		AnalyzeDomain (88ms)
			TypeCache.Refresh (87ms)
				TypeCache.ScanAssembly (78ms)
			ScanForSourceGeneratedMonoScriptInfo (0ms)
			ResolveRequiredComponents (0ms)
	FinalizeReload (173ms)
		ReleaseScriptCaches (0ms)
		RebuildScriptCaches (0ms)
		SetupLoadedEditorAssemblies (134ms)
			LogAssemblyErrors (0ms)
			InitializePlatformSupportModulesInManaged (6ms)
			SetLoadedEditorAssemblies (5ms)
			RefreshPlugins (0ms)
			BeforeProcessingInitializeOnLoad (1ms)
			ProcessInitializeOnLoadAttributes (91ms)
			ProcessInitializeOnLoadMethodAttributes (31ms)
			AfterProcessingInitializeOnLoad (0ms)
			EditorAssembliesLoaded (0ms)
		ExecutionOrderSort2 (0ms)
		AwakeInstancesAfterBackupRestoration (0ms)
========================================================================
Worker process is ready to serve import requests
Begin MonoManager ReloadAssembly
- Loaded All Assemblies, in  0.388 seconds
Refreshing native plugins compatible for Editor in 1.46 ms, found 3 plugins.
Native extension for WindowsStandalone target not found
Package Manager log level set to [2]
[Package Manager] Server::EnsureServerProcessIsRunning -- launch failed, reason: Unity was launched with the -noUpm command-line argument
[Package Manager] UpmClient::Send -- Unable to send message (not connected to UPM process).
[Package Manager] Cannot connect to Unity Package Manager local server
Mono: successfully reloaded assembly
- Finished resetting the current domain, in  0.343 seconds
Domain Reload Profiling: 730ms
	BeginReloadAssembly (100ms)
		ExecutionOrderSort (0ms)
		DisableScriptedObjects (4ms)
		BackupInstance (0ms)
		ReleaseScriptingObjects (0ms)
		CreateAndSetChildDomain (15ms)
	RebuildCommonClasses (26ms)
	RebuildNativeTypeToScriptingClass (7ms)
	initialDomainReloadingComplete (26ms)
	LoadAllAssembliesAndSetupDomain (227ms)
		LoadAssemblies (176ms)
		RebuildTransferFunctionScriptingTraits (0ms)
		AnalyzeDomain (107ms)
			TypeCache.Refresh (95ms)
				TypeCache.ScanAssembly (86ms)
			ScanForSourceGeneratedMonoScriptInfo (9ms)
			ResolveRequiredComponents (2ms)
	FinalizeReload (343ms)
		ReleaseScriptCaches (0ms)
		RebuildScriptCaches (0ms)
		SetupLoadedEditorAssemblies (254ms)
			LogAssemblyErrors (0ms)
			InitializePlatformSupportModulesInManaged (4ms)
			SetLoadedEditorAssemblies (2ms)
			RefreshPlugins (0ms)
			BeforeProcessingInitializeOnLoad (37ms)
			ProcessInitializeOnLoadAttributes (193ms)
			ProcessInitializeOnLoadMethodAttributes (13ms)
			AfterProcessingInitializeOnLoad (5ms)
			EditorAssembliesLoaded (0ms)
		ExecutionOrderSort2 (0ms)
		AwakeInstancesAfterBackupRestoration (4ms)
Launched and connected shader compiler UnityShaderCompiler.exe after 0.03 seconds
Refreshing native plugins compatible for Editor in 1.45 ms, found 3 plugins.
Preloading 0 native plugins for Editor in 0.00 ms.
Unloading 3069 Unused Serialized files (Serialized files now loaded: 0)
Unloading 31 unused Assets / (56.3 KB). Loaded Objects now: 3531.
Memory consumption went from 114.2 MB to 114.1 MB.
Total: 1.908400 ms (FindLiveObjects: 0.127000 ms CreateObjectMapping: 0.056200 ms MarkObjects: 1.661900 ms  DeleteObjects: 0.062500 ms)

AssetImportParameters requested are different than current active one (requested -> active):
  custom:container-demuxer-ogg: 62fdf1f143b41e24485cea50d1cbac27 -> 
  custom:video-decoder-ogg-theora: a1e56fd34408186e4bbccfd4996cb3dc -> 
  custom:framework-win-MediaFoundation: 216162199b28c13a410421893ffa2e32 -> 
  custom:container-demuxer-webm: 4f35f7cbe854078d1ac9338744f61a02 -> 
  custom:container-muxer-webm: aa71ff27fc2769a1b78a27578f13a17b -> 
  custom:video-decoder-webm-vp8: 9c59270c3fd7afecdb556c50c9e8de78 -> 
  custom:AudioImporter_EditorPlatform: d09bf68614088b80899f8185d706f6e7 -> 
  custom:video-encoder-webm-vp8: eb34c28f22e8b96e1ab97ce403110664 -> 
  custom:audio-decoder-ogg-vorbis: bf7c407c2cedff20999df2af8eb42d56 -> 
  custom:audio-encoder-webm-vorbis: bf7c407c2cedff20999df2af8eb42d56 -> 
========================================================================
Received Prepare
Refreshing native plugins compatible for Editor in 1.47 ms, found 3 plugins.
Preloading 0 native plugins for Editor in 0.00 ms.
Unloading 2 Unused Serialized files (Serialized files now loaded: 0)
Unloading 1 unused Assets / (5.2 KB). Loaded Objects now: 3532.
Memory consumption went from 65.9 MB to 65.9 MB.
Total: 1.790700 ms (FindLiveObjects: 0.131300 ms CreateObjectMapping: 0.057600 ms MarkObjects: 1.589700 ms  DeleteObjects: 0.011600 ms)

Prepare: number of updated asset objects reloaded= 0
AssetImportParameters requested are different than current active one (requested -> active):
  custom:container-demuxer-ogg: 62fdf1f143b41e24485cea50d1cbac27 -> 
  custom:video-decoder-ogg-theora: a1e56fd34408186e4bbccfd4996cb3dc -> 
  custom:framework-win-MediaFoundation: 216162199b28c13a410421893ffa2e32 -> 
  custom:CustomObjectIndexerAttribute: 756ad292c208cfabdd7b50bc23989ffe -> 
  custom:container-demuxer-webm: 4f35f7cbe854078d1ac9338744f61a02 -> 
  custom:container-muxer-webm: aa71ff27fc2769a1b78a27578f13a17b -> 
  custom:video-decoder-webm-vp8: 9c59270c3fd7afecdb556c50c9e8de78 -> 
  custom:SearchIndexIgnoredProperties: e643bd26f0fe6173181afceb89e7c659 -> 
  custom:AudioImporter_EditorPlatform: d09bf68614088b80899f8185d706f6e7 -> 
  custom:video-encoder-webm-vp8: eb34c28f22e8b96e1ab97ce403110664 -> 
  custom:audio-decoder-ogg-vorbis: bf7c407c2cedff20999df2af8eb42d56 -> 
  custom:audio-encoder-webm-vorbis: bf7c407c2cedff20999df2af8eb42d56 -> 
========================================================================
Received Import Request.
  Time since last request: 1119946.995359 seconds.
  path: Assets/NewBehaviourScript.cs
  artifactKey: Guid(54480eedb68a11b42b3264d6e84bdeb7) Importer(815301076,1909f56bfc062723c751e8b465ee728b)
Start importing Assets/NewBehaviourScript.cs using Guid(54480eedb68a11b42b3264d6e84bdeb7) Importer(815301076,1909f56bfc062723c751e8b465ee728b)  -> (artifact id: '18bbb97d19d7cb2e4b29e846b9fae632') in 0.001886 seconds
Number of updated asset objects reloaded before import = 0
Number of asset objects unloaded after import = 0
========================================================================
Received Prepare
Begin MonoManager ReloadAssembly
IOException: Sharing violation on path C:\Users\RegandwyZ\Desktop\TankBattle\TankBattle\ProjectSettings\Packages\com.unity.testtools.codecoverage\Settings.json
  at System.IO.FileStream..ctor (System.String path, System.IO.FileMode mode, System.IO.FileAccess access, System.IO.FileShare share, System.Int32 bufferSize, System.Boolean anonymous, System.IO.FileOptions options) [0x0019e] in <787acc3c9a4c471ba7d971300105af24>:0 
  at System.IO.FileStream..ctor (System.String path, System.IO.FileMode mode, System.IO.FileAccess access, System.IO.FileShare share, System.Int32 bufferSize, System.IO.FileOptions options) [0x00000] in <787acc3c9a4c471ba7d971300105af24>:0 
  at (wrapper remoting-invoke-with-check) System.IO.FileStream..ctor(string,System.IO.FileMode,System.IO.FileAccess,System.IO.FileShare,int,System.IO.FileOptions)
  at System.IO.StreamWriter..ctor (System.String path, System.Boolean append, System.Text.Encoding encoding, System.Int32 bufferSize) [0x00055] in <787acc3c9a4c471ba7d971300105af24>:0 
  at System.IO.StreamWriter..ctor (System.String path) [0x00008] in <787acc3c9a4c471ba7d971300105af24>:0 
  at (wrapper remoting-invoke-with-check) System.IO.StreamWriter..ctor(string)
  at System.IO.File.WriteAllText (System.String path, System.String contents) [0x00026] in <787acc3c9a4c471ba7d971300105af24>:0 
  at UnityEditor.SettingsManagement.FileSettingsRepository.Save () [0x000e2] in .\Library\PackageCache\com.unity.settings-manager@2.0.1\Editor\FileSettingsRepository.cs:154 
  at UnityEditor.AssemblyReloadEvents.OnBeforeAssemblyReload () [0x00017] in <2e279d988b9d4542841de511fbfdf8c2>:0 

(Filename: ./Library/PackageCache/com.unity.settings-manager@2.0.1/Editor/FileSettingsRepository.cs Line: 154)

- Loaded All Assemblies, in  0.295 seconds
Refreshing native plugins compatible for Editor in 1.49 ms, found 3 plugins.
Native extension for WindowsStandalone target not found
[Package Manager] Server::EnsureServerProcessIsRunning -- launch failed, reason: Unity was launched with the -noUpm command-line argument
[Package Manager] UpmClient::Send -- Unable to send message (not connected to UPM process).
[Package Manager] Cannot connect to Unity Package Manager local server
Mono: successfully reloaded assembly
- Finished resetting the current domain, in  0.487 seconds
Domain Reload Profiling: 781ms
	BeginReloadAssembly (117ms)
		ExecutionOrderSort (0ms)
		DisableScriptedObjects (3ms)
		BackupInstance (0ms)
		ReleaseScriptingObjects (0ms)
		CreateAndSetChildDomain (22ms)
	RebuildCommonClasses (29ms)
	RebuildNativeTypeToScriptingClass (8ms)
	initialDomainReloadingComplete (19ms)
	LoadAllAssembliesAndSetupDomain (121ms)
		LoadAssemblies (176ms)
		RebuildTransferFunctionScriptingTraits (0ms)
		AnalyzeDomain (8ms)
			TypeCache.Refresh (4ms)
				TypeCache.ScanAssembly (0ms)
			ScanForSourceGeneratedMonoScriptInfo (0ms)
			ResolveRequiredComponents (3ms)
	FinalizeReload (487ms)
		ReleaseScriptCaches (0ms)
		RebuildScriptCaches (0ms)
		SetupLoadedEditorAssemblies (246ms)
			LogAssemblyErrors (0ms)
			InitializePlatformSupportModulesInManaged (4ms)
			SetLoadedEditorAssemblies (3ms)
			RefreshPlugins (0ms)
			BeforeProcessingInitializeOnLoad (42ms)
			ProcessInitializeOnLoadAttributes (181ms)
			ProcessInitializeOnLoadMethodAttributes (12ms)
			AfterProcessingInitializeOnLoad (4ms)
			EditorAssembliesLoaded (0ms)
		ExecutionOrderSort2 (0ms)
		AwakeInstancesAfterBackupRestoration (4ms)
Refreshing native plugins compatible for Editor in 1.45 ms, found 3 plugins.
Preloading 0 native plugins for Editor in 0.00 ms.
Unloading 3061 Unused Serialized files (Serialized files now loaded: 0)
Unloading 23 unused Assets / (31.0 KB). Loaded Objects now: 3534.
Memory consumption went from 113.1 MB to 113.1 MB.
Total: 1.781800 ms (FindLiveObjects: 0.134700 ms CreateObjectMapping: 0.061400 ms MarkObjects: 1.556500 ms  DeleteObjects: 0.028600 ms)

Prepare: number of updated asset objects reloaded= 0
AssetImportParameters requested are different than current active one (requested -> active):
  custom:container-demuxer-ogg: 62fdf1f143b41e24485cea50d1cbac27 -> 
  custom:video-decoder-ogg-theora: a1e56fd34408186e4bbccfd4996cb3dc -> 
  custom:framework-win-MediaFoundation: 216162199b28c13a410421893ffa2e32 -> 
  custom:CustomObjectIndexerAttribute: 756ad292c208cfabdd7b50bc23989ffe -> 
  custom:container-demuxer-webm: 4f35f7cbe854078d1ac9338744f61a02 -> 
  custom:container-muxer-webm: aa71ff27fc2769a1b78a27578f13a17b -> 
  custom:video-decoder-webm-vp8: 9c59270c3fd7afecdb556c50c9e8de78 -> 
  custom:SearchIndexIgnoredProperties: e643bd26f0fe6173181afceb89e7c659 -> 
  custom:AudioImporter_EditorPlatform: d09bf68614088b80899f8185d706f6e7 -> 
  custom:video-encoder-webm-vp8: eb34c28f22e8b96e1ab97ce403110664 -> 
  custom:audio-decoder-ogg-vorbis: bf7c407c2cedff20999df2af8eb42d56 -> 
  custom:audio-encoder-webm-vorbis: bf7c407c2cedff20999df2af8eb42d56 -> 
========================================================================
Received Import Request.
  Time since last request: 10.228938 seconds.
  path: Assets/Materials
  artifactKey: Guid(b24bfb4c7a5513243bb49bd500d46620) Importer(815301076,1909f56bfc062723c751e8b465ee728b)
Start importing Assets/Materials using Guid(b24bfb4c7a5513243bb49bd500d46620) Importer(815301076,1909f56bfc062723c751e8b465ee728b)  -> (artifact id: 'c35bccc492d5e0bfe917cd1670682826') in 0.001354 seconds
Number of updated asset objects reloaded before import = 0
Number of asset objects unloaded after import = 0
========================================================================
Received Import Request.
  Time since last request: 6.697733 seconds.
  path: Assets/Scripts
  artifactKey: Guid(53701e7063d306249bcf3c46d9b19950) Importer(815301076,1909f56bfc062723c751e8b465ee728b)
Start importing Assets/Scripts using Guid(53701e7063d306249bcf3c46d9b19950) Importer(815301076,1909f56bfc062723c751e8b465ee728b)  -> (artifact id: '2cf8265756999b80fd7c70eb57833e4d') in 0.000315 seconds
Number of updated asset objects reloaded before import = 0
Number of asset objects unloaded after import = 0
========================================================================
Received Import Request.
  Time since last request: 5.754562 seconds.
  path: Assets/Prefab
  artifactKey: Guid(db452518104d5ef40b22b11a8e654ebb) Importer(815301076,1909f56bfc062723c751e8b465ee728b)
Start importing Assets/Prefab using Guid(db452518104d5ef40b22b11a8e654ebb) Importer(815301076,1909f56bfc062723c751e8b465ee728b)  -> (artifact id: 'd0255aa4e58975ee7a81d1a394cc9e78') in 0.000327 seconds
Number of updated asset objects reloaded before import = 0
Number of asset objects unloaded after import = 0
========================================================================
Received Import Request.
  Time since last request: 98.817014 seconds.
  path: Assets/Canopus-III_Low-Poly_Sci-Fi_Desert_Units_Set_1/prefabs_yup
  artifactKey: Guid(c6983bff4edecb942b2bb53f63bfc316) Importer(815301076,1909f56bfc062723c751e8b465ee728b)
Start importing Assets/Canopus-III_Low-Poly_Sci-Fi_Desert_Units_Set_1/prefabs_yup using Guid(c6983bff4edecb942b2bb53f63bfc316) Importer(815301076,1909f56bfc062723c751e8b465ee728b)  -> (artifact id: 'bf9c8019e672c9530d2e1c29e8a8ba53') in 0.000360 seconds
Number of updated asset objects reloaded before import = 0
Number of asset objects unloaded after import = 0
========================================================================
Received Import Request.
  Time since last request: 0.063506 seconds.
  path: Assets/Canopus-III_Low-Poly_Sci-Fi_Desert_Units_Set_1/prefabs_yup/env_Desert_Cliff_A_yup.prefab
  artifactKey: Guid(e9a4e9c880df938439a96f770d4b190b) Importer(815301076,1909f56bfc062723c751e8b465ee728b)
Start importing Assets/Canopus-III_Low-Poly_Sci-Fi_Desert_Units_Set_1/prefabs_yup/env_Desert_Cliff_A_yup.prefab using Guid(e9a4e9c880df938439a96f770d4b190b) Importer(815301076,1909f56bfc062723c751e8b465ee728b)  -> (artifact id: '00bb2af3015b28278329cd6130835c0e') in 0.182036 seconds
Number of updated asset objects reloaded before import = 0
Number of asset objects unloaded after import = 9
========================================================================
Received Import Request.
  Time since last request: 0.000028 seconds.
  path: Assets/Canopus-III_Low-Poly_Sci-Fi_Desert_Units_Set_1/prefabs_yup/struct_Slab_2x2_A_yup.prefab
  artifactKey: Guid(f668040d4559c5543a6a138fc9b8fc17) Importer(815301076,1909f56bfc062723c751e8b465ee728b)
Start importing Assets/Canopus-III_Low-Poly_Sci-Fi_Desert_Units_Set_1/prefabs_yup/struct_Slab_2x2_A_yup.prefab using Guid(f668040d4559c5543a6a138fc9b8fc17) Importer(815301076,1909f56bfc062723c751e8b465ee728b)  -> (artifact id: 'ce4fbc375d1b40ef2c069969188904a1') in 0.095713 seconds
Number of updated asset objects reloaded before import = 0
Number of asset objects unloaded after import = 10
========================================================================
Received Import Request.
  Time since last request: 0.000026 seconds.
  path: Assets/Canopus-III_Low-Poly_Sci-Fi_Desert_Units_Set_1/prefabs_yup/struct_Refinery_A_yup.prefab
  artifactKey: Guid(72f72385ec51b7246a0d2960a25288df) Importer(815301076,1909f56bfc062723c751e8b465ee728b)
Start importing Assets/Canopus-III_Low-Poly_Sci-Fi_Desert_Units_Set_1/prefabs_yup/struct_Refinery_A_yup.prefab using Guid(72f72385ec51b7246a0d2960a25288df) Importer(815301076,1909f56bfc062723c751e8b465ee728b)  -> (artifact id: '0808e8e77d7eee911a9a917722cff779') in 0.012773 seconds
Number of updated asset objects reloaded before import = 0
Number of asset objects unloaded after import = 10
========================================================================
Received Import Request.
  Time since last request: 0.000019 seconds.
  path: Assets/Canopus-III_Low-Poly_Sci-Fi_Desert_Units_Set_1/prefabs_yup/struct_Turret_Gun_A_yup.prefab
  artifactKey: Guid(d358bb72863aadd49b558e0234676dc8) Importer(815301076,1909f56bfc062723c751e8b465ee728b)
Start importing Assets/Canopus-III_Low-Poly_Sci-Fi_Desert_Units_Set_1/prefabs_yup/struct_Turret_Gun_A_yup.prefab using Guid(d358bb72863aadd49b558e0234676dc8) Importer(815301076,1909f56bfc062723c751e8b465ee728b)  -> (artifact id: '9b6c76415cffc2616944042155170073') in 0.014081 seconds
Number of updated asset objects reloaded before import = 0
Number of asset objects unloaded after import = 20
========================================================================
Received Import Request.
  Time since last request: 0.000017 seconds.
  path: Assets/Canopus-III_Low-Poly_Sci-Fi_Desert_Units_Set_1/prefabs_yup/struct_Slab_2x3_A_yup.prefab
  artifactKey: Guid(e8f2e8211302527498112a4609f8acc8) Importer(815301076,1909f56bfc062723c751e8b465ee728b)
Start importing Assets/Canopus-III_Low-Poly_Sci-Fi_Desert_Units_Set_1/prefabs_yup/struct_Slab_2x3_A_yup.prefab using Guid(e8f2e8211302527498112a4609f8acc8) Importer(815301076,1909f56bfc062723c751e8b465ee728b)  -> (artifact id: 'dab4b1ba919d28ed3f555e8c29f1b43c') in 0.013857 seconds
Number of updated asset objects reloaded before import = 0
Number of asset objects unloaded after import = 10
========================================================================
Received Import Request.
  Time since last request: 0.000014 seconds.
  path: Assets/Canopus-III_Low-Poly_Sci-Fi_Desert_Units_Set_1/prefabs_yup/struct_Wall_A_Corner_yup.prefab
  artifactKey: Guid(b02aa011e06208c4995b38a14bc466de) Importer(815301076,1909f56bfc062723c751e8b465ee728b)
Start importing Assets/Canopus-III_Low-Poly_Sci-Fi_Desert_Units_Set_1/prefabs_yup/struct_Wall_A_Corner_yup.prefab using Guid(b02aa011e06208c4995b38a14bc466de) Importer(815301076,1909f56bfc062723c751e8b465ee728b)  -> (artifact id: '69ef25ab09d7213e5bb1f8a37da62e88') in 0.011656 seconds
Number of updated asset objects reloaded before import = 0
Number of asset objects unloaded after import = 10
========================================================================
Received Import Request.
  Time since last request: 0.000015 seconds.
  path: Assets/Canopus-III_Low-Poly_Sci-Fi_Desert_Units_Set_1/prefabs_yup/env_Desert_Rock_Large_D_yup.prefab
  artifactKey: Guid(d4224059f955960428b3a419aaec232a) Importer(815301076,1909f56bfc062723c751e8b465ee728b)
Start importing Assets/Canopus-III_Low-Poly_Sci-Fi_Desert_Units_Set_1/prefabs_yup/env_Desert_Rock_Large_D_yup.prefab using Guid(d4224059f955960428b3a419aaec232a) Importer(815301076,1909f56bfc062723c751e8b465ee728b)  -> (artifact id: '3ceefd0d79af9492b39138c9e323ae51') in 0.010580 seconds
Number of updated asset objects reloaded before import = 0
Number of asset objects unloaded after import = 9
========================================================================
Received Import Request.
  Time since last request: 0.000016 seconds.
  path: Assets/Canopus-III_Low-Poly_Sci-Fi_Desert_Units_Set_1/prefabs_yup/struct_Wall_A_yup.prefab
  artifactKey: Guid(9b46b8be444e487459aa7731fce1758f) Importer(815301076,1909f56bfc062723c751e8b465ee728b)
Start importing Assets/Canopus-III_Low-Poly_Sci-Fi_Desert_Units_Set_1/prefabs_yup/struct_Wall_A_yup.prefab using Guid(9b46b8be444e487459aa7731fce1758f) Importer(815301076,1909f56bfc062723c751e8b465ee728b)  -> (artifact id: '772dd86d01d99ca309bb1fe03c4dce0c') in 0.014082 seconds
Number of updated asset objects reloaded before import = 0
Number of asset objects unloaded after import = 10
========================================================================
Received Import Request.
  Time since last request: 0.000017 seconds.
  path: Assets/Canopus-III_Low-Poly_Sci-Fi_Desert_Units_Set_1/prefabs_yup/env_Desert_Rock_Small_A_yup.prefab
  artifactKey: Guid(a703e0269c7d4ee458fb5cb1f1055791) Importer(815301076,1909f56bfc062723c751e8b465ee728b)
Start importing Assets/Canopus-III_Low-Poly_Sci-Fi_Desert_Units_Set_1/prefabs_yup/env_Desert_Rock_Small_A_yup.prefab using Guid(a703e0269c7d4ee458fb5cb1f1055791) Importer(815301076,1909f56bfc062723c751e8b465ee728b)  -> (artifact id: '2da683018bdf7ba31395a00146907f21') in 0.011064 seconds
Number of updated asset objects reloaded before import = 0
Number of asset objects unloaded after import = 9
========================================================================
Received Import Request.
  Time since last request: 0.000015 seconds.
  path: Assets/Canopus-III_Low-Poly_Sci-Fi_Desert_Units_Set_1/prefabs_yup/env_Desert_Hill_C_yup.prefab
  artifactKey: Guid(7c9fd1d449efd0c4993231e6d9d8bcb4) Importer(815301076,1909f56bfc062723c751e8b465ee728b)
Start importing Assets/Canopus-III_Low-Poly_Sci-Fi_Desert_Units_Set_1/prefabs_yup/env_Desert_Hill_C_yup.prefab using Guid(7c9fd1d449efd0c4993231e6d9d8bcb4) Importer(815301076,1909f56bfc062723c751e8b465ee728b)  -> (artifact id: '75ff7fc2877820e783825396d75dcb6e') in 0.010383 seconds
Number of updated asset objects reloaded before import = 0
Number of asset objects unloaded after import = 9
========================================================================
Received Import Request.
  Time since last request: 0.000015 seconds.
  path: Assets/Canopus-III_Low-Poly_Sci-Fi_Desert_Units_Set_1/prefabs_yup/struct_Turret_Missile_A_yup.prefab
  artifactKey: Guid(d71a8540f077deb4b8fd664d76698739) Importer(815301076,1909f56bfc062723c751e8b465ee728b)
Start importing Assets/Canopus-III_Low-Poly_Sci-Fi_Desert_Units_Set_1/prefabs_yup/struct_Turret_Missile_A_yup.prefab using Guid(d71a8540f077deb4b8fd664d76698739) Importer(815301076,1909f56bfc062723c751e8b465ee728b)  -> (artifact id: '64e1fbf9bc701e9495c80a245b8eee6c') in 0.013083 seconds
Number of updated asset objects reloaded before import = 0
Number of asset objects unloaded after import = 20
========================================================================
Received Import Request.
  Time since last request: 0.000016 seconds.
  path: Assets/Canopus-III_Low-Poly_Sci-Fi_Desert_Units_Set_1/prefabs_yup/env_Desert_Rock_Large_C_yup.prefab
  artifactKey: Guid(9dc62651ecdfa0547aa89759a06ff5ca) Importer(815301076,1909f56bfc062723c751e8b465ee728b)
Start importing Assets/Canopus-III_Low-Poly_Sci-Fi_Desert_Units_Set_1/prefabs_yup/env_Desert_Rock_Large_C_yup.prefab using Guid(9dc62651ecdfa0547aa89759a06ff5ca) Importer(815301076,1909f56bfc062723c751e8b465ee728b)  -> (artifact id: '16f1c2e9ec00a92b748bbfd4d5dee01c') in 0.009571 seconds
Number of updated asset objects reloaded before import = 0
Number of asset objects unloaded after import = 9
========================================================================
Received Import Request.
  Time since last request: 0.000019 seconds.
  path: Assets/Canopus-III_Low-Poly_Sci-Fi_Desert_Units_Set_1/prefabs_yup/env_Desert_Rock_Small_B_yup.prefab
  artifactKey: Guid(b1d20d98f388b4a4dab046d1e2b1824e) Importer(815301076,1909f56bfc062723c751e8b465ee728b)
Start importing Assets/Canopus-III_Low-Poly_Sci-Fi_Desert_Units_Set_1/prefabs_yup/env_Desert_Rock_Small_B_yup.prefab using Guid(b1d20d98f388b4a4dab046d1e2b1824e) Importer(815301076,1909f56bfc062723c751e8b465ee728b)  -> (artifact id: 'e3f50fe017df0ef6e098e7455119f018') in 0.009607 seconds
Number of updated asset objects reloaded before import = 0
Number of asset objects unloaded after import = 9
========================================================================
Received Import Request.
  Time since last request: 0.000014 seconds.
  path: Assets/Canopus-III_Low-Poly_Sci-Fi_Desert_Units_Set_1/prefabs_yup/struct_Misc_Building_C_yup.prefab
  artifactKey: Guid(97f260841ba4f5348bc6fb777fc8a726) Importer(815301076,1909f56bfc062723c751e8b465ee728b)
Start importing Assets/Canopus-III_Low-Poly_Sci-Fi_Desert_Units_Set_1/prefabs_yup/struct_Misc_Building_C_yup.prefab using Guid(97f260841ba4f5348bc6fb777fc8a726) Importer(815301076,1909f56bfc062723c751e8b465ee728b)  -> (artifact id: '8624e9a159b894bb3f77b668e21031c6') in 0.011311 seconds
Number of updated asset objects reloaded before import = 0
Number of asset objects unloaded after import = 10
========================================================================
Received Import Request.
  Time since last request: 0.000018 seconds.
  path: Assets/Canopus-III_Low-Poly_Sci-Fi_Desert_Units_Set_1/prefabs_yup/unit_Caryall_A_yup.prefab
  artifactKey: Guid(f0dcd956efd65fb4b90d51551c14cbbf) Importer(815301076,1909f56bfc062723c751e8b465ee728b)
Start importing Assets/Canopus-III_Low-Poly_Sci-Fi_Desert_Units_Set_1/prefabs_yup/unit_Caryall_A_yup.prefab using Guid(f0dcd956efd65fb4b90d51551c14cbbf) Importer(815301076,1909f56bfc062723c751e8b465ee728b)  -> (artifact id: '63aa3a10c835000b9217d96ee25f9240') in 0.012226 seconds
Number of updated asset objects reloaded before import = 0
Number of asset objects unloaded after import = 40
========================================================================
Received Import Request.
  Time since last request: 0.000013 seconds.
  path: Assets/Canopus-III_Low-Poly_Sci-Fi_Desert_Units_Set_1/prefabs_yup/env_Desert_Cliff_Base_D_yup.prefab
  artifactKey: Guid(7691bf9455a2cc5478a769a5373a750c) Importer(815301076,1909f56bfc062723c751e8b465ee728b)
Start importing Assets/Canopus-III_Low-Poly_Sci-Fi_Desert_Units_Set_1/prefabs_yup/env_Desert_Cliff_Base_D_yup.prefab using Guid(7691bf9455a2cc5478a769a5373a750c) Importer(815301076,1909f56bfc062723c751e8b465ee728b)  -> (artifact id: '918b4b6c4a64e973c014449b3d251bdb') in 0.011107 seconds
Number of updated asset objects reloaded before import = 0
Number of asset objects unloaded after import = 9
========================================================================
Received Import Request.
  Time since last request: 0.000013 seconds.
  path: Assets/Canopus-III_Low-Poly_Sci-Fi_Desert_Units_Set_1/prefabs_yup/env_Desert_Hill_D_yup.prefab
  artifactKey: Guid(a77d70d9e0b7da14bb8dcf011bcb10e4) Importer(815301076,1909f56bfc062723c751e8b465ee728b)
Start importing Assets/Canopus-III_Low-Poly_Sci-Fi_Desert_Units_Set_1/prefabs_yup/env_Desert_Hill_D_yup.prefab using Guid(a77d70d9e0b7da14bb8dcf011bcb10e4) Importer(815301076,1909f56bfc062723c751e8b465ee728b)  -> (artifact id: 'dd2157e2a36872eeb6795b34d303adbd') in 0.009658 seconds
Number of updated asset objects reloaded before import = 0
Number of asset objects unloaded after import = 9
========================================================================
Received Import Request.
  Time since last request: 0.000016 seconds.
  path: Assets/Canopus-III_Low-Poly_Sci-Fi_Desert_Units_Set_1/prefabs_yup/env_Desert_Hill_A_yup.prefab
  artifactKey: Guid(b30b5cd1594d32b4ab002ac90ebf9162) Importer(815301076,1909f56bfc062723c751e8b465ee728b)
Start importing Assets/Canopus-III_Low-Poly_Sci-Fi_Desert_Units_Set_1/prefabs_yup/env_Desert_Hill_A_yup.prefab using Guid(b30b5cd1594d32b4ab002ac90ebf9162) Importer(815301076,1909f56bfc062723c751e8b465ee728b)  -> (artifact id: '16cbb25afb8373b87543d61ce00a46d5') in 0.010334 seconds
Number of updated asset objects reloaded before import = 0
Number of asset objects unloaded after import = 9
========================================================================
Received Import Request.
  Time since last request: 0.000019 seconds.
  path: Assets/Canopus-III_Low-Poly_Sci-Fi_Desert_Units_Set_1/prefabs_yup/unit_Infantry_Light_A_yup.prefab
  artifactKey: Guid(a6eae878e52ee564484d8afee9cd103f) Importer(815301076,1909f56bfc062723c751e8b465ee728b)
Start importing Assets/Canopus-III_Low-Poly_Sci-Fi_Desert_Units_Set_1/prefabs_yup/unit_Infantry_Light_A_yup.prefab using Guid(a6eae878e52ee564484d8afee9cd103f) Importer(815301076,1909f56bfc062723c751e8b465ee728b)  -> (artifact id: '4ccc7e3306e4d2cfd8aa6fd6c22e65a5') in 0.014143 seconds
Number of updated asset objects reloaded before import = 0
Number of asset objects unloaded after import = 87
========================================================================
Received Import Request.
  Time since last request: 0.000015 seconds.
  path: Assets/Canopus-III_Low-Poly_Sci-Fi_Desert_Units_Set_1/prefabs_yup/env_Desert_Cliff_Base_A_yup.prefab
  artifactKey: Guid(dc58f9d278219bf429f91d0e60fea5e7) Importer(815301076,1909f56bfc062723c751e8b465ee728b)
Start importing Assets/Canopus-III_Low-Poly_Sci-Fi_Desert_Units_Set_1/prefabs_yup/env_Desert_Cliff_Base_A_yup.prefab using Guid(dc58f9d278219bf429f91d0e60fea5e7) Importer(815301076,1909f56bfc062723c751e8b465ee728b)  -> (artifact id: '6e5eeee5d016d055b6feafc9c27a87ed') in 0.010994 seconds
Number of updated asset objects reloaded before import = 0
Number of asset objects unloaded after import = 9
========================================================================
Received Import Request.
  Time since last request: 0.000013 seconds.
  path: Assets/Canopus-III_Low-Poly_Sci-Fi_Desert_Units_Set_1/prefabs_yup/struct_Factory_Light_A_yup.prefab
  artifactKey: Guid(b15c97752fca6ba409f8c8be383162f4) Importer(815301076,1909f56bfc062723c751e8b465ee728b)
Start importing Assets/Canopus-III_Low-Poly_Sci-Fi_Desert_Units_Set_1/prefabs_yup/struct_Factory_Light_A_yup.prefab using Guid(b15c97752fca6ba409f8c8be383162f4) Importer(815301076,1909f56bfc062723c751e8b465ee728b)  -> (artifact id: 'a7568e471745109d13dbc67fb1747f1d') in 0.011909 seconds
Number of updated asset objects reloaded before import = 0
Number of asset objects unloaded after import = 25
========================================================================
Received Import Request.
  Time since last request: 0.000024 seconds.
  path: Assets/Canopus-III_Low-Poly_Sci-Fi_Desert_Units_Set_1/prefabs_yup/struct_Slab_1x1_A_yup.prefab
  artifactKey: Guid(dc52fbc906cb33244ac2dc411d832583) Importer(815301076,1909f56bfc062723c751e8b465ee728b)
Start importing Assets/Canopus-III_Low-Poly_Sci-Fi_Desert_Units_Set_1/prefabs_yup/struct_Slab_1x1_A_yup.prefab using Guid(dc52fbc906cb33244ac2dc411d832583) Importer(815301076,1909f56bfc062723c751e8b465ee728b)  -> (artifact id: 'f251973b95dec259e16ed0bc6b87aa6f') in 0.011880 seconds
Number of updated asset objects reloaded before import = 0
Number of asset objects unloaded after import = 10
========================================================================
Received Import Request.
  Time since last request: 0.000017 seconds.
  path: Assets/Canopus-III_Low-Poly_Sci-Fi_Desert_Units_Set_1/prefabs_yup/struct_Wall_Tower_B_yup.prefab
  artifactKey: Guid(0831584515ea33d4c93a9d2d3b05ddff) Importer(815301076,1909f56bfc062723c751e8b465ee728b)
Start importing Assets/Canopus-III_Low-Poly_Sci-Fi_Desert_Units_Set_1/prefabs_yup/struct_Wall_Tower_B_yup.prefab using Guid(0831584515ea33d4c93a9d2d3b05ddff) Importer(815301076,1909f56bfc062723c751e8b465ee728b)  -> (artifact id: '1d44015c17455d8540f4e4e5333f54b8') in 0.012298 seconds
Number of updated asset objects reloaded before import = 0
Number of asset objects unloaded after import = 10
========================================================================
Received Import Request.
  Time since last request: 0.000014 seconds.
  path: Assets/Canopus-III_Low-Poly_Sci-Fi_Desert_Units_Set_1/prefabs_yup/env_Desert_Cliff_D_yup.prefab
  artifactKey: Guid(553ea667df312334a9650f1719678648) Importer(815301076,1909f56bfc062723c751e8b465ee728b)
Start importing Assets/Canopus-III_Low-Poly_Sci-Fi_Desert_Units_Set_1/prefabs_yup/env_Desert_Cliff_D_yup.prefab using Guid(553ea667df312334a9650f1719678648) Importer(815301076,1909f56bfc062723c751e8b465ee728b)  -> (artifact id: '82ad82b2e270a3e1f62aaa26038af677') in 0.009869 seconds
Number of updated asset objects reloaded before import = 0
Number of asset objects unloaded after import = 9
========================================================================
Received Import Request.
  Time since last request: 0.000015 seconds.
  path: Assets/Canopus-III_Low-Poly_Sci-Fi_Desert_Units_Set_1/prefabs_yup/unit_Quad_A_yup.prefab
  artifactKey: Guid(e3affa12afb43014596440cac07d7c3b) Importer(815301076,1909f56bfc062723c751e8b465ee728b)
Start importing Assets/Canopus-III_Low-Poly_Sci-Fi_Desert_Units_Set_1/prefabs_yup/unit_Quad_A_yup.prefab using Guid(e3affa12afb43014596440cac07d7c3b) Importer(815301076,1909f56bfc062723c751e8b465ee728b)  -> (artifact id: 'ce7ea71ba34deb46b61cf062096e6d8f') in 0.011348 seconds
Number of updated asset objects reloaded before import = 0
Number of asset objects unloaded after import = 30
========================================================================
Received Import Request.
  Time since last request: 9.689935 seconds.
  path: Assets/Canopus-III_Low-Poly_Sci-Fi_Desert_Units_Set_1/materials/mtrl_canopus-iii_set01-blue.mat
  artifactKey: Guid(d697aa8eca9a6074e932a13fe7d7f5c1) Importer(815301076,1909f56bfc062723c751e8b465ee728b)
Start importing Assets/Canopus-III_Low-Poly_Sci-Fi_Desert_Units_Set_1/materials/mtrl_canopus-iii_set01-blue.mat using Guid(d697aa8eca9a6074e932a13fe7d7f5c1) Importer(815301076,1909f56bfc062723c751e8b465ee728b)  -> (artifact id: '0276e6a354389a08da305b4c02164be2') in 0.029218 seconds
Number of updated asset objects reloaded before import = 0
Number of asset objects unloaded after import = 3
========================================================================
Received Import Request.
  Time since last request: 0.000018 seconds.
  path: Assets/Canopus-III_Low-Poly_Sci-Fi_Desert_Units_Set_1/materials/mtrl_canopus-iii_set01-red.mat
  artifactKey: Guid(21583e009529de2498db37e0c7b79bfe) Importer(815301076,1909f56bfc062723c751e8b465ee728b)
Start importing Assets/Canopus-III_Low-Poly_Sci-Fi_Desert_Units_Set_1/materials/mtrl_canopus-iii_set01-red.mat using Guid(21583e009529de2498db37e0c7b79bfe) Importer(815301076,1909f56bfc062723c751e8b465ee728b)  -> (artifact id: 'ff20c07c552402a2e2cb8d8aaeabcab5') in 0.012429 seconds
Number of updated asset objects reloaded before import = 0
Number of asset objects unloaded after import = 3
========================================================================
Received Import Request.
  Time since last request: 3.571984 seconds.
  path: Assets/Canopus-III_Low-Poly_Sci-Fi_Desert_Units_Set_1/models_yup/env_Desert_Cliff_B_yup.fbx
  artifactKey: Guid(87703412748f57e4a8d3fcd4da5a18bd) Importer(815301076,1909f56bfc062723c751e8b465ee728b)
Start importing Assets/Canopus-III_Low-Poly_Sci-Fi_Desert_Units_Set_1/models_yup/env_Desert_Cliff_B_yup.fbx using Guid(87703412748f57e4a8d3fcd4da5a18bd) Importer(815301076,1909f56bfc062723c751e8b465ee728b)  -> (artifact id: 'cfbc6b192ad37cb4ccb93235d5745507') in 0.248220 seconds
Number of updated asset objects reloaded before import = 0
Number of asset objects unloaded after import = 7
========================================================================
Received Import Request.
  Time since last request: 0.000018 seconds.
  path: Assets/Canopus-III_Low-Poly_Sci-Fi_Desert_Units_Set_1/models_yup/struct_Slab_1x1_A_yup.fbx
  artifactKey: Guid(b5e8556d10a6a13499a53b7c14ba04c9) Importer(815301076,1909f56bfc062723c751e8b465ee728b)
Start importing Assets/Canopus-III_Low-Poly_Sci-Fi_Desert_Units_Set_1/models_yup/struct_Slab_1x1_A_yup.fbx using Guid(b5e8556d10a6a13499a53b7c14ba04c9) Importer(815301076,1909f56bfc062723c751e8b465ee728b)  -> (artifact id: 'd13a371834f0d14120ccc5bc6a991723') in 0.015887 seconds
Number of updated asset objects reloaded before import = 0
Number of asset objects unloaded after import = 7
========================================================================
Received Import Request.
  Time since last request: 0.000016 seconds.
  path: Assets/Canopus-III_Low-Poly_Sci-Fi_Desert_Units_Set_1/models_yup/unit_Quad_A_yup.fbx
  artifactKey: Guid(554dd08a2e347ae4f8d201d7e9e0b514) Importer(815301076,1909f56bfc062723c751e8b465ee728b)
Start importing Assets/Canopus-III_Low-Poly_Sci-Fi_Desert_Units_Set_1/models_yup/unit_Quad_A_yup.fbx using Guid(554dd08a2e347ae4f8d201d7e9e0b514) Importer(815301076,1909f56bfc062723c751e8b465ee728b)  -> (artifact id: '15130ef60189f59322c0dcf247a42f87') in 0.055564 seconds
Number of updated asset objects reloaded before import = 0
Number of asset objects unloaded after import = 27
========================================================================
Received Import Request.
  Time since last request: 0.000013 seconds.
  path: Assets/Canopus-III_Low-Poly_Sci-Fi_Desert_Units_Set_1/models_yup/env_Desert_Cliff_Base_D_yup.fbx
  artifactKey: Guid(05cf51bf9f776364f86c57bf587dcf18) Importer(815301076,1909f56bfc062723c751e8b465ee728b)
Start importing Assets/Canopus-III_Low-Poly_Sci-Fi_Desert_Units_Set_1/models_yup/env_Desert_Cliff_Base_D_yup.fbx using Guid(05cf51bf9f776364f86c57bf587dcf18) Importer(815301076,1909f56bfc062723c751e8b465ee728b)  -> (artifact id: '7a1e00e3d0c59eef4d9095d40ee2c63d') in 0.013096 seconds
Number of updated asset objects reloaded before import = 0
Number of asset objects unloaded after import = 7
========================================================================
Received Import Request.
  Time since last request: 0.000014 seconds.
  path: Assets/Canopus-III_Low-Poly_Sci-Fi_Desert_Units_Set_1/models_yup/struct_Radar_Outpost_A_yup.fbx
  artifactKey: Guid(0e27f52db14d285449bd569c0245f829) Importer(815301076,1909f56bfc062723c751e8b465ee728b)
Start importing Assets/Canopus-III_Low-Poly_Sci-Fi_Desert_Units_Set_1/models_yup/struct_Radar_Outpost_A_yup.fbx using Guid(0e27f52db14d285449bd569c0245f829) Importer(815301076,1909f56bfc062723c751e8b465ee728b)  -> (artifact id: '6942f24495a1381c581e7b23edb400ab') in 0.026499 seconds
Number of updated asset objects reloaded before import = 0
Number of asset objects unloaded after import = 12
========================================================================
Received Import Request.
  Time since last request: 0.000017 seconds.
  path: Assets/Canopus-III_Low-Poly_Sci-Fi_Desert_Units_Set_1/models_yup/env_Desert_Rock_Small_C_yup.fbx
  artifactKey: Guid(9850f75c11f734d488b2c1a013a76f48) Importer(815301076,1909f56bfc062723c751e8b465ee728b)
Start importing Assets/Canopus-III_Low-Poly_Sci-Fi_Desert_Units_Set_1/models_yup/env_Desert_Rock_Small_C_yup.fbx using Guid(9850f75c11f734d488b2c1a013a76f48) Importer(815301076,1909f56bfc062723c751e8b465ee728b)  -> (artifact id: '240a3fede895ae2766ef88f8f69d5187') in 0.018676 seconds
Number of updated asset objects reloaded before import = 0
Number of asset objects unloaded after import = 7
========================================================================
Received Import Request.
  Time since last request: 0.000013 seconds.
  path: Assets/Canopus-III_Low-Poly_Sci-Fi_Desert_Units_Set_1/models_yup/env_Desert_Rock_Small_B_yup.fbx
  artifactKey: Guid(8121b2820e1fb4e45a15661548ba2113) Importer(815301076,1909f56bfc062723c751e8b465ee728b)
Start importing Assets/Canopus-III_Low-Poly_Sci-Fi_Desert_Units_Set_1/models_yup/env_Desert_Rock_Small_B_yup.fbx using Guid(8121b2820e1fb4e45a15661548ba2113) Importer(815301076,1909f56bfc062723c751e8b465ee728b)  -> (artifact id: 'eab83a5712f354401e2b8be33f8f4943') in 0.016661 seconds
Number of updated asset objects reloaded before import = 0
Number of asset objects unloaded after import = 7
========================================================================
Received Import Request.
  Time since last request: 0.000013 seconds.
  path: Assets/Canopus-III_Low-Poly_Sci-Fi_Desert_Units_Set_1/models_yup/struct_Factory_Light_A_yup.fbx
  artifactKey: Guid(2209eff45bbfae14e82cdddc25f1d4bf) Importer(815301076,1909f56bfc062723c751e8b465ee728b)
Start importing Assets/Canopus-III_Low-Poly_Sci-Fi_Desert_Units_Set_1/models_yup/struct_Factory_Light_A_yup.fbx using Guid(2209eff45bbfae14e82cdddc25f1d4bf) Importer(815301076,1909f56bfc062723c751e8b465ee728b)  -> (artifact id: '5cedf6c0758a416ea54e0d2ae367c266') in 0.030615 seconds
Number of updated asset objects reloaded before import = 0
Number of asset objects unloaded after import = 22
========================================================================
Received Import Request.
  Time since last request: 0.000014 seconds.
  path: Assets/Canopus-III_Low-Poly_Sci-Fi_Desert_Units_Set_1/models_yup/env_Desert_Rock_Large_C_yup.fbx
  artifactKey: Guid(d629407138e415d4192306faa2a0345b) Importer(815301076,1909f56bfc062723c751e8b465ee728b)
Start importing Assets/Canopus-III_Low-Poly_Sci-Fi_Desert_Units_Set_1/models_yup/env_Desert_Rock_Large_C_yup.fbx using Guid(d629407138e415d4192306faa2a0345b) Importer(815301076,1909f56bfc062723c751e8b465ee728b)  -> (artifact id: 'c5d955f70a61f63bdd7878c8c312c62e') in 0.036370 seconds
Number of updated asset objects reloaded before import = 0
Number of asset objects unloaded after import = 7
========================================================================
Received Import Request.
  Time since last request: 0.000016 seconds.
  path: Assets/Canopus-III_Low-Poly_Sci-Fi_Desert_Units_Set_1/models_yup/env_Desert_Hill_B_yup.fbx
  artifactKey: Guid(ad16bd899d7c71843a99c25a961e9439) Importer(815301076,1909f56bfc062723c751e8b465ee728b)
Start importing Assets/Canopus-III_Low-Poly_Sci-Fi_Desert_Units_Set_1/models_yup/env_Desert_Hill_B_yup.fbx using Guid(ad16bd899d7c71843a99c25a961e9439) Importer(815301076,1909f56bfc062723c751e8b465ee728b)  -> (artifact id: '86e77adcafb9fa2ec5e01f916fb3c6df') in 0.012566 seconds
Number of updated asset objects reloaded before import = 0
Number of asset objects unloaded after import = 7
========================================================================
Received Import Request.
  Time since last request: 0.000017 seconds.
  path: Assets/Canopus-III_Low-Poly_Sci-Fi_Desert_Units_Set_1/models_yup/struct_Construction_Yard_A_yup.fbx
  artifactKey: Guid(185bab7d43860614b8007b1d0913b99a) Importer(815301076,1909f56bfc062723c751e8b465ee728b)
Start importing Assets/Canopus-III_Low-Poly_Sci-Fi_Desert_Units_Set_1/models_yup/struct_Construction_Yard_A_yup.fbx using Guid(185bab7d43860614b8007b1d0913b99a) Importer(815301076,1909f56bfc062723c751e8b465ee728b)  -> (artifact id: '5b96cf704331c1839e3f4a2596026da5') in 0.026917 seconds
Number of updated asset objects reloaded before import = 0
Number of asset objects unloaded after import = 27
========================================================================
Received Import Request.
  Time since last request: 0.000018 seconds.
  path: Assets/Canopus-III_Low-Poly_Sci-Fi_Desert_Units_Set_1/models_yup/struct_Misc_Building_C_yup.fbx
  artifactKey: Guid(2132a24047484fd4da4fd37155dd6ec4) Importer(815301076,1909f56bfc062723c751e8b465ee728b)
Start importing Assets/Canopus-III_Low-Poly_Sci-Fi_Desert_Units_Set_1/models_yup/struct_Misc_Building_C_yup.fbx using Guid(2132a24047484fd4da4fd37155dd6ec4) Importer(815301076,1909f56bfc062723c751e8b465ee728b)  -> (artifact id: '77df6b09d8e71e3e4c987809e3d2f733') in 0.013388 seconds
Number of updated asset objects reloaded before import = 0
Number of asset objects unloaded after import = 7
========================================================================
Received Import Request.
  Time since last request: 0.000011 seconds.
  path: Assets/Canopus-III_Low-Poly_Sci-Fi_Desert_Units_Set_1/models_yup/struct_Slab_2x2_A_yup.fbx
  artifactKey: Guid(c03116236baf0714b8ce63f00ae1dcaf) Importer(815301076,1909f56bfc062723c751e8b465ee728b)
Start importing Assets/Canopus-III_Low-Poly_Sci-Fi_Desert_Units_Set_1/models_yup/struct_Slab_2x2_A_yup.fbx using Guid(c03116236baf0714b8ce63f00ae1dcaf) Importer(815301076,1909f56bfc062723c751e8b465ee728b)  -> (artifact id: '0f25d0db05b05443ebf76f0214a9aa21') in 0.011338 seconds
Number of updated asset objects reloaded before import = 0
Number of asset objects unloaded after import = 7
========================================================================
Received Import Request.
  Time since last request: 0.000015 seconds.
  path: Assets/Canopus-III_Low-Poly_Sci-Fi_Desert_Units_Set_1/models_yup/env_Desert_Rock_Large_A_yup.fbx
  artifactKey: Guid(561425e5c63581541bf563075dbbeabe) Importer(815301076,1909f56bfc062723c751e8b465ee728b)
Start importing Assets/Canopus-III_Low-Poly_Sci-Fi_Desert_Units_Set_1/models_yup/env_Desert_Rock_Large_A_yup.fbx using Guid(561425e5c63581541bf563075dbbeabe) Importer(815301076,1909f56bfc062723c751e8b465ee728b)  -> (artifact id: '2f4b24ad3c94554d6250128fd1bcfce7') in 0.012151 seconds
Number of updated asset objects reloaded before import = 0
Number of asset objects unloaded after import = 7
========================================================================
Received Import Request.
  Time since last request: 0.000017 seconds.
  path: Assets/Canopus-III_Low-Poly_Sci-Fi_Desert_Units_Set_1/models_yup/env_Desert_Cliff_Base_C_yup.fbx
  artifactKey: Guid(23fef48a6a1ef954a91c236ee47925cb) Importer(815301076,1909f56bfc062723c751e8b465ee728b)
Start importing Assets/Canopus-III_Low-Poly_Sci-Fi_Desert_Units_Set_1/models_yup/env_Desert_Cliff_Base_C_yup.fbx using Guid(23fef48a6a1ef954a91c236ee47925cb) Importer(815301076,1909f56bfc062723c751e8b465ee728b)  -> (artifact id: '114b1fe1a64cb8073afca9498864c11c') in 0.013149 seconds
Number of updated asset objects reloaded before import = 0
Number of asset objects unloaded after import = 7
========================================================================
Received Import Request.
  Time since last request: 0.000012 seconds.
  path: Assets/Canopus-III_Low-Poly_Sci-Fi_Desert_Units_Set_1/models_yup/unit_Infantry_Light_A_yup.fbx
  artifactKey: Guid(9fc9a56ada9c7ba45bd44761c5308113) Importer(815301076,1909f56bfc062723c751e8b465ee728b)
Start importing Assets/Canopus-III_Low-Poly_Sci-Fi_Desert_Units_Set_1/models_yup/unit_Infantry_Light_A_yup.fbx using Guid(9fc9a56ada9c7ba45bd44761c5308113) Importer(815301076,1909f56bfc062723c751e8b465ee728b)  -> (artifact id: 'e694850fd340d3290b491f7a40d4694f') in 0.067134 seconds
Number of updated asset objects reloaded before import = 0
Number of asset objects unloaded after import = 84
========================================================================
Received Import Request.
  Time since last request: 32.124952 seconds.
  path: Assets/Canopus-III_Low-Poly_Sci-Fi_Desert_Units_Set_2/materials/mtrl_canopus-iii_set01-green.mat
  artifactKey: Guid(8d99f6689328c0c479f78811db5e37ec) Importer(815301076,1909f56bfc062723c751e8b465ee728b)
Start importing Assets/Canopus-III_Low-Poly_Sci-Fi_Desert_Units_Set_2/materials/mtrl_canopus-iii_set01-green.mat using Guid(8d99f6689328c0c479f78811db5e37ec) Importer(815301076,1909f56bfc062723c751e8b465ee728b)  -> (artifact id: 'd41d9c3c4e8ccfb13db096080fd72204') in 0.019830 seconds
Number of updated asset objects reloaded before import = 0
Number of asset objects unloaded after import = 3
========================================================================
Received Import Request.
  Time since last request: 0.938951 seconds.
  path: Assets/Canopus-III_Low-Poly_Sci-Fi_Desert_Units_Set_2/models_yup/struct_Headquarters_A_yup.fbx
  artifactKey: Guid(f83fc3afccf63364aa6ce20e90e6812f) Importer(815301076,1909f56bfc062723c751e8b465ee728b)
Start importing Assets/Canopus-III_Low-Poly_Sci-Fi_Desert_Units_Set_2/models_yup/struct_Headquarters_A_yup.fbx using Guid(f83fc3afccf63364aa6ce20e90e6812f) Importer(815301076,1909f56bfc062723c751e8b465ee728b)  -> (artifact id: '81c451ff6ae3557796ae8e6e55240fe3') in 0.021515 seconds
Number of updated asset objects reloaded before import = 0
Number of asset objects unloaded after import = 12
========================================================================
Received Import Request.
  Time since last request: 0.000024 seconds.
  path: Assets/Canopus-III_Low-Poly_Sci-Fi_Desert_Units_Set_2/models_yup/unit_Tank_Combat_B_yup.fbx
  artifactKey: Guid(d154efa0e3ec60941b8cd2eab292db72) Importer(815301076,1909f56bfc062723c751e8b465ee728b)
Start importing Assets/Canopus-III_Low-Poly_Sci-Fi_Desert_Units_Set_2/models_yup/unit_Tank_Combat_B_yup.fbx using Guid(d154efa0e3ec60941b8cd2eab292db72) Importer(815301076,1909f56bfc062723c751e8b465ee728b)  -> (artifact id: 'd3fa1dd6179a5246bd3945ca4f86f67e') in 0.021030 seconds
Number of updated asset objects reloaded before import = 0
Number of asset objects unloaded after import = 17
========================================================================
Received Import Request.
  Time since last request: 0.000018 seconds.
  path: Assets/Canopus-III_Low-Poly_Sci-Fi_Desert_Units_Set_2/models_yup/unit_Tank_Heavy_B_yup.fbx
  artifactKey: Guid(6417aded4042b2743bc899d910e3769c) Importer(815301076,1909f56bfc062723c751e8b465ee728b)
Start importing Assets/Canopus-III_Low-Poly_Sci-Fi_Desert_Units_Set_2/models_yup/unit_Tank_Heavy_B_yup.fbx using Guid(6417aded4042b2743bc899d910e3769c) Importer(815301076,1909f56bfc062723c751e8b465ee728b)  -> (artifact id: 'ff48ddbb73d589b4729f76b79ba461f1') in 0.021570 seconds
Number of updated asset objects reloaded before import = 0
Number of asset objects unloaded after import = 17
========================================================================
Received Import Request.
  Time since last request: 0.000014 seconds.
  path: Assets/Canopus-III_Low-Poly_Sci-Fi_Desert_Units_Set_2/models_yup/unit_Ornithopter_Light_B_yup.fbx
  artifactKey: Guid(e864f4e5e9cf5f84e9903fb361984758) Importer(815301076,1909f56bfc062723c751e8b465ee728b)
Start importing Assets/Canopus-III_Low-Poly_Sci-Fi_Desert_Units_Set_2/models_yup/unit_Ornithopter_Light_B_yup.fbx using Guid(e864f4e5e9cf5f84e9903fb361984758) Importer(815301076,1909f56bfc062723c751e8b465ee728b)  -> (artifact id: 'ddcd9daa7f74265e9965a03dc87e2333') in 0.031104 seconds
Number of updated asset objects reloaded before import = 0
Number of asset objects unloaded after import = 32
========================================================================
Received Import Request.
  Time since last request: 1.527850 seconds.
  path: Assets/Canopus-III_Low-Poly_Sci-Fi_Desert_Units_Set_2/prefabs_yup/struct_Headquarters_A_yup.prefab
  artifactKey: Guid(310e2c451fe1fb6419f8165bb27f0606) Importer(815301076,1909f56bfc062723c751e8b465ee728b)
Start importing Assets/Canopus-III_Low-Poly_Sci-Fi_Desert_Units_Set_2/prefabs_yup/struct_Headquarters_A_yup.prefab using Guid(310e2c451fe1fb6419f8165bb27f0606) Importer(815301076,1909f56bfc062723c751e8b465ee728b)  -> (artifact id: '0f937092128edd364b027c859f96cbdd') in 0.015899 seconds
Number of updated asset objects reloaded before import = 0
Number of asset objects unloaded after import = 15
========================================================================
Received Import Request.
  Time since last request: 0.000015 seconds.
  path: Assets/Canopus-III_Low-Poly_Sci-Fi_Desert_Units_Set_2/prefabs_yup/unit_Trike_B_yup.prefab
  artifactKey: Guid(59512961138b7f94e8f69c9af202387f) Importer(815301076,1909f56bfc062723c751e8b465ee728b)
Start importing Assets/Canopus-III_Low-Poly_Sci-Fi_Desert_Units_Set_2/prefabs_yup/unit_Trike_B_yup.prefab using Guid(59512961138b7f94e8f69c9af202387f) Importer(815301076,1909f56bfc062723c751e8b465ee728b)  -> (artifact id: '5f457948510849f6a714440f07581d90') in 0.017718 seconds
Number of updated asset objects reloaded before import = 0
Number of asset objects unloaded after import = 30
========================================================================
Received Import Request.
  Time since last request: 0.000017 seconds.
  path: Assets/Canopus-III_Low-Poly_Sci-Fi_Desert_Units_Set_2/prefabs_yup/unit_Ornithopter_Light_B_yup.prefab
  artifactKey: Guid(f5186ca24a1a9d8409fbc84fca3687d3) Importer(815301076,1909f56bfc062723c751e8b465ee728b)
Start importing Assets/Canopus-III_Low-Poly_Sci-Fi_Desert_Units_Set_2/prefabs_yup/unit_Ornithopter_Light_B_yup.prefab using Guid(f5186ca24a1a9d8409fbc84fca3687d3) Importer(815301076,1909f56bfc062723c751e8b465ee728b)  -> (artifact id: '4471dea3c8346aa4f49b54fa9f8566bd') in 0.013585 seconds
Number of updated asset objects reloaded before import = 0
Number of asset objects unloaded after import = 35
========================================================================
Received Import Request.
  Time since last request: 0.000017 seconds.
  path: Assets/Canopus-III_Low-Poly_Sci-Fi_Desert_Units_Set_2/prefabs_yup/unit_Ornithopter_Light_A_yup.prefab
  artifactKey: Guid(6871a52976c58464789f49cf4f336f46) Importer(815301076,1909f56bfc062723c751e8b465ee728b)
Start importing Assets/Canopus-III_Low-Poly_Sci-Fi_Desert_Units_Set_2/prefabs_yup/unit_Ornithopter_Light_A_yup.prefab using Guid(6871a52976c58464789f49cf4f336f46) Importer(815301076,1909f56bfc062723c751e8b465ee728b)  -> (artifact id: '57f150c06972c3ea19476d2236ebd497') in 0.012107 seconds
Number of updated asset objects reloaded before import = 0
Number of asset objects unloaded after import = 35
========================================================================
Received Import Request.
  Time since last request: 100.186940 seconds.
  path: Assets/Canopus-III_Low-Poly_Sci-Fi_Desert_Units_Set_1/textures/txtr_canopus-iii_set01-all_emis.tif
  artifactKey: Guid(6ed7c34387aa9d443b481b33689f903b) Importer(815301076,1909f56bfc062723c751e8b465ee728b)
Start importing Assets/Canopus-III_Low-Poly_Sci-Fi_Desert_Units_Set_1/textures/txtr_canopus-iii_set01-all_emis.tif using Guid(6ed7c34387aa9d443b481b33689f903b) Importer(815301076,1909f56bfc062723c751e8b465ee728b)  -> (artifact id: '0c6ef24101ef597a40e208a7fbd1cbd3') in 0.021841 seconds
Number of updated asset objects reloaded before import = 0
Number of asset objects unloaded after import = 2
========================================================================
Received Import Request.
  Time since last request: 15.426463 seconds.
  path: Assets/Canopus-III_Low-Poly_Sci-Fi_Desert_Units_Set_2/textures/txtr_canopus-iii_set01-all_emis.tif
  artifactKey: Guid(b32e92d958ce49b45b8500150fd09d1f) Importer(815301076,1909f56bfc062723c751e8b465ee728b)
Start importing Assets/Canopus-III_Low-Poly_Sci-Fi_Desert_Units_Set_2/textures/txtr_canopus-iii_set01-all_emis.tif using Guid(b32e92d958ce49b45b8500150fd09d1f) Importer(815301076,1909f56bfc062723c751e8b465ee728b)  -> (artifact id: '277b53361eee2d8d97b8824f7cdc647e') in 0.015904 seconds
Number of updated asset objects reloaded before import = 0
Number of asset objects unloaded after import = 2
========================================================================
Received Import Request.
  Time since last request: 23.692084 seconds.
  path: Assets/Canopus-III_Low-Poly_Sci-Fi_Desert_Units_Set_1/textures/txtr_canopus-iii_ground_sand.png
  artifactKey: Guid(439639e360a785540a62246a8fef39bd) Importer(815301076,1909f56bfc062723c751e8b465ee728b)
Start importing Assets/Canopus-III_Low-Poly_Sci-Fi_Desert_Units_Set_1/textures/txtr_canopus-iii_ground_sand.png using Guid(439639e360a785540a62246a8fef39bd) Importer(815301076,1909f56bfc062723c751e8b465ee728b)  -> (artifact id: 'f7ad5328720f0b113a9c409e9fb7bd6d') in 0.017578 seconds
Number of updated asset objects reloaded before import = 0
Number of asset objects unloaded after import = 2
========================================================================
Received Import Request.
  Time since last request: 2.184676 seconds.
  path: Assets/Canopus-III_Low-Poly_Sci-Fi_Desert_Units_Set_1/workfiles - psd/txtr_canopus-iii_ground_cracked_workfile.psd
  artifactKey: Guid(6996670448e86524dbe2afaf161f671e) Importer(815301076,1909f56bfc062723c751e8b465ee728b)
Start importing Assets/Canopus-III_Low-Poly_Sci-Fi_Desert_Units_Set_1/workfiles - psd/txtr_canopus-iii_ground_cracked_workfile.psd using Guid(6996670448e86524dbe2afaf161f671e) Importer(815301076,1909f56bfc062723c751e8b465ee728b)  -> (artifact id: '0f0beb205e80e8818b406a734006f29b') in 0.015952 seconds
Number of updated asset objects reloaded before import = 0
Number of asset objects unloaded after import = 2
========================================================================
Received Import Request.
  Time since last request: 0.000013 seconds.
  path: Assets/Canopus-III_Low-Poly_Sci-Fi_Desert_Units_Set_1/workfiles - psd/txtr_canopus-iii_set01_all_workfile.psd
  artifactKey: Guid(614ee69c69a213d4c82d2fba76967ab2) Importer(815301076,1909f56bfc062723c751e8b465ee728b)
Start importing Assets/Canopus-III_Low-Poly_Sci-Fi_Desert_Units_Set_1/workfiles - psd/txtr_canopus-iii_set01_all_workfile.psd using Guid(614ee69c69a213d4c82d2fba76967ab2) Importer(815301076,1909f56bfc062723c751e8b465ee728b)  -> (artifact id: 'e9cb61705fc049d19484d7d1366fb781') in 0.012807 seconds
Number of updated asset objects reloaded before import = 0
Number of asset objects unloaded after import = 2
========================================================================
Received Import Request.
  Time since last request: 49.202525 seconds.
  path: Assets/Canopus-III_Low-Poly_Sci-Fi_Desert_Units_Set_2/prefabs_yup/struct_Headquarters_A_yup.prefab
  artifactKey: Guid(310e2c451fe1fb6419f8165bb27f0606) Importer(815301076,1909f56bfc062723c751e8b465ee728b)
Start importing Assets/Canopus-III_Low-Poly_Sci-Fi_Desert_Units_Set_2/prefabs_yup/struct_Headquarters_A_yup.prefab using Guid(310e2c451fe1fb6419f8165bb27f0606) Importer(815301076,1909f56bfc062723c751e8b465ee728b)  -> (artifact id: 'da5d79d914d60b0aa2d2bfdf62b04ec5') in 0.013237 seconds
Number of updated asset objects reloaded before import = 0
Number of asset objects unloaded after import = 12
========================================================================
Received Import Request.
  Time since last request: 0.000017 seconds.
  path: Assets/Canopus-III_Low-Poly_Sci-Fi_Desert_Units_Set_2/prefabs_yup/unit_Tank_Combat_B_yup.prefab
  artifactKey: Guid(b9d308d9f071bbc46be660ddc91ca2ee) Importer(815301076,1909f56bfc062723c751e8b465ee728b)
Start importing Assets/Canopus-III_Low-Poly_Sci-Fi_Desert_Units_Set_2/prefabs_yup/unit_Tank_Combat_B_yup.prefab using Guid(b9d308d9f071bbc46be660ddc91ca2ee) Importer(815301076,1909f56bfc062723c751e8b465ee728b)  -> (artifact id: 'c5a13035ffa0a41c735cc2632699b98e') in 0.008962 seconds
Number of updated asset objects reloaded before import = 0
Number of asset objects unloaded after import = 17
========================================================================
Received Import Request.
  Time since last request: 0.000015 seconds.
  path: Assets/Canopus-III_Low-Poly_Sci-Fi_Desert_Units_Set_2/prefabs_yup/unit_Quad_B_yup.prefab
  artifactKey: Guid(2bc18102f88700340a2e009095cb292a) Importer(815301076,1909f56bfc062723c751e8b465ee728b)
Start importing Assets/Canopus-III_Low-Poly_Sci-Fi_Desert_Units_Set_2/prefabs_yup/unit_Quad_B_yup.prefab using Guid(2bc18102f88700340a2e009095cb292a) Importer(815301076,1909f56bfc062723c751e8b465ee728b)  -> (artifact id: '51a0528f25433e16b15a0ba3db8a35dd') in 0.011042 seconds
Number of updated asset objects reloaded before import = 0
Number of asset objects unloaded after import = 27
========================================================================
Received Import Request.
  Time since last request: 0.000014 seconds.
  path: Assets/Canopus-III_Low-Poly_Sci-Fi_Desert_Units_Set_2/prefabs_yup/unit_Ornithopter_Light_B_yup.prefab
  artifactKey: Guid(f5186ca24a1a9d8409fbc84fca3687d3) Importer(815301076,1909f56bfc062723c751e8b465ee728b)
Start importing Assets/Canopus-III_Low-Poly_Sci-Fi_Desert_Units_Set_2/prefabs_yup/unit_Ornithopter_Light_B_yup.prefab using Guid(f5186ca24a1a9d8409fbc84fca3687d3) Importer(815301076,1909f56bfc062723c751e8b465ee728b)  -> (artifact id: 'cf304c70393252539abf72cfe03b0d3b') in 0.011094 seconds
Number of updated asset objects reloaded before import = 0
Number of asset objects unloaded after import = 32
========================================================================
Received Import Request.
  Time since last request: 0.000015 seconds.
  path: Assets/Canopus-III_Low-Poly_Sci-Fi_Desert_Units_Set_2/prefabs_yup/unit_Ornithopter_Light_A_yup.prefab
  artifactKey: Guid(6871a52976c58464789f49cf4f336f46) Importer(815301076,1909f56bfc062723c751e8b465ee728b)
Start importing Assets/Canopus-III_Low-Poly_Sci-Fi_Desert_Units_Set_2/prefabs_yup/unit_Ornithopter_Light_A_yup.prefab using Guid(6871a52976c58464789f49cf4f336f46) Importer(815301076,1909f56bfc062723c751e8b465ee728b)  -> (artifact id: '258f916e3ddbdca63d0ed8bdc639ba8b') in 0.007978 seconds
Number of updated asset objects reloaded before import = 0
Number of asset objects unloaded after import = 32
Editor requested this worker to shutdown with reason: Scaling down because of idle timeout
TcpMessagingSession - receive error: operation aborted. errorcode: 995, details: The I/O operation has been aborted because of either a thread exit or an application request.
AssetImportWorker is now disconnected from the server
Process exiting
Exiting without the bug reporter. Application will terminate with return code 0