Using pre-set license
Built from '2022.3/staging' branch; Version is '2022.3.9f1 (ea401c316338) revision 15351836'; Using compiler version '192829333'; Build Type 'Release'
OS: 'Windows 10  (10.0.19045) 64bit Professional' Language: 'uk' Physical Memory: 16194 MB
BatchMode: 1, IsHumanControllingUs: 0, StartBugReporterOnCrash: 0, Is64bit: 1, IsPro: 1

COMMAND LINE ARGUMENTS:
C:\Program Files\Unity\Hub\Editor\2022.3.9f1\Editor\Unity.exe
-adb2
-batchMode
-noUpm
-name
AssetImportWorker3
-projectPath
C:/Users/RegandwyZ/Desktop/TankBattle/TankBattle
-logFile
Logs/AssetImportWorker3.log
-srvPort
62201
Successfully changed project path to: C:/Users/RegandwyZ/Desktop/TankBattle/TankBattle
C:/Users/RegandwyZ/Desktop/TankBattle/TankBattle
[UnityMemory] Configuration Parameters - Can be set up in boot.config
    "memorysetup-bucket-allocator-granularity=16"
    "memorysetup-bucket-allocator-bucket-count=8"
    "memorysetup-bucket-allocator-block-size=33554432"
    "memorysetup-bucket-allocator-block-count=8"
    "memorysetup-main-allocator-block-size=16777216"
    "memorysetup-thread-allocator-block-size=16777216"
    "memorysetup-gfx-main-allocator-block-size=16777216"
    "memorysetup-gfx-thread-allocator-block-size=16777216"
    "memorysetup-cache-allocator-block-size=4194304"
    "memorysetup-typetree-allocator-block-size=2097152"
    "memorysetup-profiler-bucket-allocator-granularity=16"
    "memorysetup-profiler-bucket-allocator-bucket-count=8"
    "memorysetup-profiler-bucket-allocator-block-size=33554432"
    "memorysetup-profiler-bucket-allocator-block-count=8"
    "memorysetup-profiler-allocator-block-size=16777216"
    "memorysetup-profiler-editor-allocator-block-size=1048576"
    "memorysetup-temp-allocator-size-main=16777216"
    "memorysetup-job-temp-allocator-block-size=2097152"
    "memorysetup-job-temp-allocator-block-size-background=1048576"
    "memorysetup-job-temp-allocator-reduction-small-platforms=262144"
    "memorysetup-allocator-temp-initial-block-size-main=262144"
    "memorysetup-allocator-temp-initial-block-size-worker=262144"
    "memorysetup-temp-allocator-size-background-worker=32768"
    "memorysetup-temp-allocator-size-job-worker=262144"
    "memorysetup-temp-allocator-size-preload-manager=33554432"
    "memorysetup-temp-allocator-size-nav-mesh-worker=65536"
    "memorysetup-temp-allocator-size-audio-worker=65536"
    "memorysetup-temp-allocator-size-cloud-worker=32768"
    "memorysetup-temp-allocator-size-gi-baking-worker=262144"
    "memorysetup-temp-allocator-size-gfx=262144"
Player connection [29792] Host "[IP] 192.168.0.109 [Port] 0 [Flags] 2 [Guid] 1376629415 [EditorId] 1376629415 [Version] 1048832 [Id] WindowsEditor(7,DESKTOP-3KLV7JH) [Debug] 1 [PackageName] WindowsEditor [ProjectName] Editor" joined multi-casting on [225.0.0.222:54997]...

Player connection [29792] Host "[IP] 192.168.0.109 [Port] 0 [Flags] 2 [Guid] 1376629415 [EditorId] 1376629415 [Version] 1048832 [Id] WindowsEditor(7,DESKTOP-3KLV7JH) [Debug] 1 [PackageName] WindowsEditor [ProjectName] Editor" joined alternative multi-casting on [225.0.0.222:34997]...

[Physics::Module] Initialized MultithreadedJobDispatcher with 11 workers.
Refreshing native plugins compatible for Editor in 3.94 ms, found 3 plugins.
Preloading 0 native plugins for Editor in 0.00 ms.
Initialize engine version: 2022.3.9f1 (ea401c316338)
[Subsystems] Discovering subsystems at path C:/Program Files/Unity/Hub/Editor/2022.3.9f1/Editor/Data/Resources/UnitySubsystems
[Subsystems] Discovering subsystems at path C:/Users/RegandwyZ/Desktop/TankBattle/TankBattle/Assets
GfxDevice: creating device client; threaded=0; jobified=0
Direct3D:
    Version:  Direct3D 11.0 [level 11.1]
    Renderer: NVIDIA GeForce GTX 1060 3GB (ID=0x1c02)
    Vendor:   NVIDIA
    VRAM:     2978 MB
    Driver:   31.0.15.3758
Initialize mono
Mono path[0] = 'C:/Program Files/Unity/Hub/Editor/2022.3.9f1/Editor/Data/Managed'
Mono path[1] = 'C:/Program Files/Unity/Hub/Editor/2022.3.9f1/Editor/Data/MonoBleedingEdge/lib/mono/unityjit-win32'
Mono config path = 'C:/Program Files/Unity/Hub/Editor/2022.3.9f1/Editor/Data/MonoBleedingEdge/etc'
Using monoOptions --debugger-agent=transport=dt_socket,embedding=1,server=y,suspend=n,address=127.0.0.1:56952
Begin MonoManager ReloadAssembly
Registering precompiled unity dll's ...
Register platform support module: C:/Program Files/Unity/Hub/Editor/2022.3.9f1/Editor/Data/PlaybackEngines/WindowsStandaloneSupport/UnityEditor.WindowsStandalone.Extensions.dll
Registered in 0.004696 seconds.
- Loaded All Assemblies, in  0.228 seconds
Native extension for WindowsStandalone target not found
Mono: successfully reloaded assembly
- Finished resetting the current domain, in  0.165 seconds
Domain Reload Profiling: 392ms
	BeginReloadAssembly (72ms)
		ExecutionOrderSort (0ms)
		DisableScriptedObjects (0ms)
		BackupInstance (0ms)
		ReleaseScriptingObjects (0ms)
		CreateAndSetChildDomain (1ms)
	RebuildCommonClasses (23ms)
	RebuildNativeTypeToScriptingClass (7ms)
	initialDomainReloadingComplete (38ms)
	LoadAllAssembliesAndSetupDomain (87ms)
		LoadAssemblies (71ms)
		RebuildTransferFunctionScriptingTraits (0ms)
		AnalyzeDomain (85ms)
			TypeCache.Refresh (85ms)
				TypeCache.ScanAssembly (76ms)
			ScanForSourceGeneratedMonoScriptInfo (0ms)
			ResolveRequiredComponents (0ms)
	FinalizeReload (165ms)
		ReleaseScriptCaches (0ms)
		RebuildScriptCaches (0ms)
		SetupLoadedEditorAssemblies (127ms)
			LogAssemblyErrors (0ms)
			InitializePlatformSupportModulesInManaged (6ms)
			SetLoadedEditorAssemblies (5ms)
			RefreshPlugins (0ms)
			BeforeProcessingInitializeOnLoad (1ms)
			ProcessInitializeOnLoadAttributes (83ms)
			ProcessInitializeOnLoadMethodAttributes (30ms)
			AfterProcessingInitializeOnLoad (0ms)
			EditorAssembliesLoaded (0ms)
		ExecutionOrderSort2 (0ms)
		AwakeInstancesAfterBackupRestoration (0ms)
========================================================================
Worker process is ready to serve import requests
Begin MonoManager ReloadAssembly
- Loaded All Assemblies, in  0.392 seconds
Refreshing native plugins compatible for Editor in 1.57 ms, found 3 plugins.
Native extension for WindowsStandalone target not found
Package Manager log level set to [2]
[Package Manager] Server::EnsureServerProcessIsRunning -- launch failed, reason: Unity was launched with the -noUpm command-line argument
[Package Manager] UpmClient::Send -- Unable to send message (not connected to UPM process).
[Package Manager] Cannot connect to Unity Package Manager local server
Mono: successfully reloaded assembly
- Finished resetting the current domain, in  0.367 seconds
Domain Reload Profiling: 758ms
	BeginReloadAssembly (104ms)
		ExecutionOrderSort (0ms)
		DisableScriptedObjects (3ms)
		BackupInstance (0ms)
		ReleaseScriptingObjects (0ms)
		CreateAndSetChildDomain (14ms)
	RebuildCommonClasses (22ms)
	RebuildNativeTypeToScriptingClass (7ms)
	initialDomainReloadingComplete (27ms)
	LoadAllAssembliesAndSetupDomain (230ms)
		LoadAssemblies (177ms)
		RebuildTransferFunctionScriptingTraits (0ms)
		AnalyzeDomain (111ms)
			TypeCache.Refresh (99ms)
				TypeCache.ScanAssembly (90ms)
			ScanForSourceGeneratedMonoScriptInfo (9ms)
			ResolveRequiredComponents (2ms)
	FinalizeReload (367ms)
		ReleaseScriptCaches (0ms)
		RebuildScriptCaches (0ms)
		SetupLoadedEditorAssemblies (276ms)
			LogAssemblyErrors (0ms)
			InitializePlatformSupportModulesInManaged (4ms)
			SetLoadedEditorAssemblies (2ms)
			RefreshPlugins (0ms)
			BeforeProcessingInitializeOnLoad (38ms)
			ProcessInitializeOnLoadAttributes (216ms)
			ProcessInitializeOnLoadMethodAttributes (12ms)
			AfterProcessingInitializeOnLoad (4ms)
			EditorAssembliesLoaded (0ms)
		ExecutionOrderSort2 (0ms)
		AwakeInstancesAfterBackupRestoration (4ms)
Launched and connected shader compiler UnityShaderCompiler.exe after 0.02 seconds
Refreshing native plugins compatible for Editor in 1.46 ms, found 3 plugins.
Preloading 0 native plugins for Editor in 0.00 ms.
Unloading 3069 Unused Serialized files (Serialized files now loaded: 0)
Unloading 31 unused Assets / (56.7 KB). Loaded Objects now: 3534.
Memory consumption went from 114.8 MB to 114.7 MB.
Total: 1.972100 ms (FindLiveObjects: 0.130200 ms CreateObjectMapping: 0.058100 ms MarkObjects: 1.710800 ms  DeleteObjects: 0.072500 ms)

AssetImportParameters requested are different than current active one (requested -> active):
  custom:container-demuxer-ogg: 62fdf1f143b41e24485cea50d1cbac27 -> 
  custom:video-decoder-ogg-theora: a1e56fd34408186e4bbccfd4996cb3dc -> 
  custom:framework-win-MediaFoundation: 216162199b28c13a410421893ffa2e32 -> 
  custom:CustomObjectIndexerAttribute: 756ad292c208cfabdd7b50bc23989ffe -> 
  custom:container-demuxer-webm: 4f35f7cbe854078d1ac9338744f61a02 -> 
  custom:container-muxer-webm: aa71ff27fc2769a1b78a27578f13a17b -> 
  custom:video-decoder-webm-vp8: 9c59270c3fd7afecdb556c50c9e8de78 -> 
  custom:SearchIndexIgnoredProperties: e643bd26f0fe6173181afceb89e7c659 -> 
  custom:AudioImporter_EditorPlatform: d09bf68614088b80899f8185d706f6e7 -> 
  custom:video-encoder-webm-vp8: eb34c28f22e8b96e1ab97ce403110664 -> 
  custom:audio-decoder-ogg-vorbis: bf7c407c2cedff20999df2af8eb42d56 -> 
  custom:audio-encoder-webm-vorbis: bf7c407c2cedff20999df2af8eb42d56 -> 
========================================================================
Received Import Request.
  Time since last request: 1120633.675828 seconds.
  path: Assets/Prefab/prefabs_yup/env_Desert_Cliff_B_yup.prefab
  artifactKey: Guid(3465947e7993bb8488544bc99c3b92ca) Importer(815301076,1909f56bfc062723c751e8b465ee728b)
Start importing Assets/Prefab/prefabs_yup/env_Desert_Cliff_B_yup.prefab using Guid(3465947e7993bb8488544bc99c3b92ca) Importer(815301076,1909f56bfc062723c751e8b465ee728b)  -> (artifact id: '19735f1dd8686d2a2782ca605cc0feb0') in 0.026394 seconds
Number of updated asset objects reloaded before import = 0
Number of asset objects unloaded after import = 6
========================================================================
Received Import Request.
  Time since last request: 0.000010 seconds.
  path: Assets/Prefab/prefabs_yup/struct_Wall_A_Triple_yup.prefab
  artifactKey: Guid(dcfe80c4d3be195469bca873ab0ab979) Importer(815301076,1909f56bfc062723c751e8b465ee728b)
Start importing Assets/Prefab/prefabs_yup/struct_Wall_A_Triple_yup.prefab using Guid(dcfe80c4d3be195469bca873ab0ab979) Importer(815301076,1909f56bfc062723c751e8b465ee728b)  -> (artifact id: '4f82dbc69931da18084d3ab071952307') in 0.001361 seconds
Number of updated asset objects reloaded before import = 0
Number of asset objects unloaded after import = 6
========================================================================
Received Import Request.
  Time since last request: 0.000011 seconds.
  path: Assets/Prefab/prefabs_yup/struct_Wall_A_Corner_yup.prefab
  artifactKey: Guid(b02aa011e06208c4995b38a14bc466de) Importer(815301076,1909f56bfc062723c751e8b465ee728b)
Start importing Assets/Prefab/prefabs_yup/struct_Wall_A_Corner_yup.prefab using Guid(b02aa011e06208c4995b38a14bc466de) Importer(815301076,1909f56bfc062723c751e8b465ee728b)  -> (artifact id: '36d67017c8260c6ffd4e31e243001a0a') in 0.001788 seconds
Number of updated asset objects reloaded before import = 0
Number of asset objects unloaded after import = 6
========================================================================
Received Import Request.
  Time since last request: 0.000035 seconds.
  path: Assets/Prefab/prefabs_yup/struct_Wall_A_Quadruple_yup.prefab
  artifactKey: Guid(3c1966dabaa8df742bdaeace5f47e217) Importer(815301076,1909f56bfc062723c751e8b465ee728b)
Start importing Assets/Prefab/prefabs_yup/struct_Wall_A_Quadruple_yup.prefab using Guid(3c1966dabaa8df742bdaeace5f47e217) Importer(815301076,1909f56bfc062723c751e8b465ee728b)  -> (artifact id: '706171baa81933a678349d52047f6cd0') in 0.001311 seconds
Number of updated asset objects reloaded before import = 0
Number of asset objects unloaded after import = 6
========================================================================
Received Import Request.
  Time since last request: 0.000009 seconds.
  path: Assets/Prefab/prefabs_yup/struct_Wall_A_yup.prefab
  artifactKey: Guid(9b46b8be444e487459aa7731fce1758f) Importer(815301076,1909f56bfc062723c751e8b465ee728b)
Start importing Assets/Prefab/prefabs_yup/struct_Wall_A_yup.prefab using Guid(9b46b8be444e487459aa7731fce1758f) Importer(815301076,1909f56bfc062723c751e8b465ee728b)  -> (artifact id: 'dd271f9c3c2473670c1aa45ed1bb776d') in 0.001229 seconds
Number of updated asset objects reloaded before import = 0
Number of asset objects unloaded after import = 6
========================================================================
Received Import Request.
  Time since last request: 0.000056 seconds.
  path: Assets/Prefab/prefabs_yup/struct_Silo_A_yup.prefab
  artifactKey: Guid(790e91a93f6a8194288975cddfb8e63c) Importer(815301076,1909f56bfc062723c751e8b465ee728b)
Start importing Assets/Prefab/prefabs_yup/struct_Silo_A_yup.prefab using Guid(790e91a93f6a8194288975cddfb8e63c) Importer(815301076,1909f56bfc062723c751e8b465ee728b)  -> (artifact id: '56d50992c655945daca7f9f7d5fd0fd5') in 0.001197 seconds
Number of updated asset objects reloaded before import = 0
Number of asset objects unloaded after import = 6
========================================================================
Received Import Request.
  Time since last request: 0.000009 seconds.
  path: Assets/Prefab/prefabs_yup/struct_Headquarters_A_yup.prefab
  artifactKey: Guid(310e2c451fe1fb6419f8165bb27f0606) Importer(815301076,1909f56bfc062723c751e8b465ee728b)
Start importing Assets/Prefab/prefabs_yup/struct_Headquarters_A_yup.prefab using Guid(310e2c451fe1fb6419f8165bb27f0606) Importer(815301076,1909f56bfc062723c751e8b465ee728b)  -> (artifact id: '6e99b02e4e9b952928793d484137cbb4') in 0.001340 seconds
Number of updated asset objects reloaded before import = 0
Number of asset objects unloaded after import = 10
========================================================================
Received Import Request.
  Time since last request: 0.000007 seconds.
  path: Assets/Prefab/prefabs_yup/struct_Construction_Yard_A_yup.prefab
  artifactKey: Guid(67a8f1c7703f1c642b4849a41c944b61) Importer(815301076,1909f56bfc062723c751e8b465ee728b)
Start importing Assets/Prefab/prefabs_yup/struct_Construction_Yard_A_yup.prefab using Guid(67a8f1c7703f1c642b4849a41c944b61) Importer(815301076,1909f56bfc062723c751e8b465ee728b)  -> (artifact id: '590e2146207a2b084e37f4e8b1f60667') in 0.002195 seconds
Number of updated asset objects reloaded before import = 0
Number of asset objects unloaded after import = 22
========================================================================
Received Import Request.
  Time since last request: 0.000013 seconds.
  path: Assets/Prefab/prefabs_yup/env_Desert_Cliff_C_yup.prefab
  artifactKey: Guid(98fa6c9f7484e124487ea953219028dc) Importer(815301076,1909f56bfc062723c751e8b465ee728b)
Start importing Assets/Prefab/prefabs_yup/env_Desert_Cliff_C_yup.prefab using Guid(98fa6c9f7484e124487ea953219028dc) Importer(815301076,1909f56bfc062723c751e8b465ee728b)  -> (artifact id: 'f8ce40a0f5506af0a557844cba850cca') in 0.001587 seconds
Number of updated asset objects reloaded before import = 0
Number of asset objects unloaded after import = 6
========================================================================
Received Import Request.
  Time since last request: 0.000010 seconds.
  path: Assets/Prefab/prefabs_yup/unit_Quad_B_yup.prefab
  artifactKey: Guid(2bc18102f88700340a2e009095cb292a) Importer(815301076,1909f56bfc062723c751e8b465ee728b)
Start importing Assets/Prefab/prefabs_yup/unit_Quad_B_yup.prefab using Guid(2bc18102f88700340a2e009095cb292a) Importer(815301076,1909f56bfc062723c751e8b465ee728b)  -> (artifact id: '4a68a71c1fb3c03ac47013b48755d9fd') in 0.001576 seconds
Number of updated asset objects reloaded before import = 0
Number of asset objects unloaded after import = 22
========================================================================
Received Import Request.
  Time since last request: 0.000008 seconds.
  path: Assets/Prefab/prefabs_yup/unit_Tank_Combat_B_yup.prefab
  artifactKey: Guid(b9d308d9f071bbc46be660ddc91ca2ee) Importer(815301076,1909f56bfc062723c751e8b465ee728b)
Start importing Assets/Prefab/prefabs_yup/unit_Tank_Combat_B_yup.prefab using Guid(b9d308d9f071bbc46be660ddc91ca2ee) Importer(815301076,1909f56bfc062723c751e8b465ee728b)  -> (artifact id: '259f6610b52c61edd6db821c45f1b432') in 0.001359 seconds
Number of updated asset objects reloaded before import = 0
Number of asset objects unloaded after import = 14
========================================================================
Received Import Request.
  Time since last request: 0.000010 seconds.
  path: Assets/Prefab/prefabs_yup/unit_Tank_Heavy_A_yup.prefab
  artifactKey: Guid(066e771bcb048a643b4ef5d4554f90e5) Importer(815301076,1909f56bfc062723c751e8b465ee728b)
Start importing Assets/Prefab/prefabs_yup/unit_Tank_Heavy_A_yup.prefab using Guid(066e771bcb048a643b4ef5d4554f90e5) Importer(815301076,1909f56bfc062723c751e8b465ee728b)  -> (artifact id: '17a6369aa93cef013597a7627c2ce177') in 0.001360 seconds
Number of updated asset objects reloaded before import = 0
Number of asset objects unloaded after import = 14
========================================================================
Received Import Request.
  Time since last request: 0.000008 seconds.
  path: Assets/Prefab/prefabs_yup/struct_Wall_Tower_A_yup.prefab
  artifactKey: Guid(0e961fb918a03284f860237aaf5afb81) Importer(815301076,1909f56bfc062723c751e8b465ee728b)
Start importing Assets/Prefab/prefabs_yup/struct_Wall_Tower_A_yup.prefab using Guid(0e961fb918a03284f860237aaf5afb81) Importer(815301076,1909f56bfc062723c751e8b465ee728b)  -> (artifact id: 'de11d6e41f26301653caefa36cd2e397') in 0.001135 seconds
Number of updated asset objects reloaded before import = 0
Number of asset objects unloaded after import = 6
========================================================================
Received Import Request.
  Time since last request: 0.000008 seconds.
  path: Assets/Prefab/prefabs_yup/env_Desert_Rock_Large_B_yup.prefab
  artifactKey: Guid(37688182cb0174b4580b87971df0640f) Importer(815301076,1909f56bfc062723c751e8b465ee728b)
Start importing Assets/Prefab/prefabs_yup/env_Desert_Rock_Large_B_yup.prefab using Guid(37688182cb0174b4580b87971df0640f) Importer(815301076,1909f56bfc062723c751e8b465ee728b)  -> (artifact id: 'f4d1b942cabfa6955201a0579630f066') in 0.001112 seconds
Number of updated asset objects reloaded before import = 0
Number of asset objects unloaded after import = 6
========================================================================
Received Import Request.
  Time since last request: 0.000008 seconds.
  path: Assets/Prefab/prefabs_yup/struct_Spaceport_A_yup.prefab
  artifactKey: Guid(d0d3fa714339c06469755b863d5b2267) Importer(815301076,1909f56bfc062723c751e8b465ee728b)
Start importing Assets/Prefab/prefabs_yup/struct_Spaceport_A_yup.prefab using Guid(d0d3fa714339c06469755b863d5b2267) Importer(815301076,1909f56bfc062723c751e8b465ee728b)  -> (artifact id: '0259b0381ef24c2b7650b1df83982ab5') in 0.001096 seconds
Number of updated asset objects reloaded before import = 0
Number of asset objects unloaded after import = 6
========================================================================
Received Import Request.
  Time since last request: 0.000007 seconds.
  path: Assets/Prefab/prefabs_yup/unit_Harvester_A_yup.prefab
  artifactKey: Guid(76ab47e270e04e948a1df5cf948b0a55) Importer(815301076,1909f56bfc062723c751e8b465ee728b)
Start importing Assets/Prefab/prefabs_yup/unit_Harvester_A_yup.prefab using Guid(76ab47e270e04e948a1df5cf948b0a55) Importer(815301076,1909f56bfc062723c751e8b465ee728b)  -> (artifact id: '9a1a3d3af4fd8db185dbeb37e4f79471') in 0.002973 seconds
Number of updated asset objects reloaded before import = 0
Number of asset objects unloaded after import = 74
========================================================================
Received Import Request.
  Time since last request: 0.000008 seconds.
  path: Assets/Prefab/prefabs_yup/struct_Factory_Light_A_yup.prefab
  artifactKey: Guid(b15c97752fca6ba409f8c8be383162f4) Importer(815301076,1909f56bfc062723c751e8b465ee728b)
Start importing Assets/Prefab/prefabs_yup/struct_Factory_Light_A_yup.prefab using Guid(b15c97752fca6ba409f8c8be383162f4) Importer(815301076,1909f56bfc062723c751e8b465ee728b)  -> (artifact id: 'b2cafcea6885f93701e39543ea8ba36b') in 0.001452 seconds
Number of updated asset objects reloaded before import = 0
Number of asset objects unloaded after import = 18
========================================================================
Received Import Request.
  Time since last request: 0.000008 seconds.
  path: Assets/Prefab/prefabs_yup/struct_Misc_Building_A_yup.prefab
  artifactKey: Guid(d634e5cf0fda7f347a1f6512fec12842) Importer(815301076,1909f56bfc062723c751e8b465ee728b)
Start importing Assets/Prefab/prefabs_yup/struct_Misc_Building_A_yup.prefab using Guid(d634e5cf0fda7f347a1f6512fec12842) Importer(815301076,1909f56bfc062723c751e8b465ee728b)  -> (artifact id: 'b794a803790d7cab6bcc31f687d05131') in 0.001225 seconds
Number of updated asset objects reloaded before import = 0
Number of asset objects unloaded after import = 6
========================================================================
Received Import Request.
  Time since last request: 0.000008 seconds.
  path: Assets/Prefab/prefabs_yup/struct_Slab_1x1_A_yup.prefab
  artifactKey: Guid(dc52fbc906cb33244ac2dc411d832583) Importer(815301076,1909f56bfc062723c751e8b465ee728b)
Start importing Assets/Prefab/prefabs_yup/struct_Slab_1x1_A_yup.prefab using Guid(dc52fbc906cb33244ac2dc411d832583) Importer(815301076,1909f56bfc062723c751e8b465ee728b)  -> (artifact id: 'db34a1c420261a53d19590272ad4a372') in 0.001356 seconds
Number of updated asset objects reloaded before import = 0
Number of asset objects unloaded after import = 6
========================================================================
Received Import Request.
  Time since last request: 0.000011 seconds.
  path: Assets/Prefab/prefabs_yup/env_Desert_Cliff_Base_B_yup.prefab
  artifactKey: Guid(b701613c47a23f94fa7ca6e50d0ac5aa) Importer(815301076,1909f56bfc062723c751e8b465ee728b)
Start importing Assets/Prefab/prefabs_yup/env_Desert_Cliff_Base_B_yup.prefab using Guid(b701613c47a23f94fa7ca6e50d0ac5aa) Importer(815301076,1909f56bfc062723c751e8b465ee728b)  -> (artifact id: 'ff2e9099d9d8b6a7b304642153bb0670') in 0.001295 seconds
Number of updated asset objects reloaded before import = 0
Number of asset objects unloaded after import = 6
========================================================================
Received Import Request.
  Time since last request: 0.000010 seconds.
  path: Assets/Prefab/prefabs_yup/struct_Factory_Heavy_A_yup.prefab
  artifactKey: Guid(b426e496210a16744b3f6a654afe58b8) Importer(815301076,1909f56bfc062723c751e8b465ee728b)
Start importing Assets/Prefab/prefabs_yup/struct_Factory_Heavy_A_yup.prefab using Guid(b426e496210a16744b3f6a654afe58b8) Importer(815301076,1909f56bfc062723c751e8b465ee728b)  -> (artifact id: '36b2596d03e863479576c0297b82d128') in 0.001817 seconds
Number of updated asset objects reloaded before import = 0
Number of asset objects unloaded after import = 22
========================================================================
Received Import Request.
  Time since last request: 0.000009 seconds.
  path: Assets/Prefab/prefabs_yup/struct_Windtrap_A_yup.prefab
  artifactKey: Guid(b951ab7c43720fc44b4a5d8c0c133e00) Importer(815301076,1909f56bfc062723c751e8b465ee728b)
Start importing Assets/Prefab/prefabs_yup/struct_Windtrap_A_yup.prefab using Guid(b951ab7c43720fc44b4a5d8c0c133e00) Importer(815301076,1909f56bfc062723c751e8b465ee728b)  -> (artifact id: 'e6b8d827128aec704f264aaaa9c1d322') in 0.001225 seconds
Number of updated asset objects reloaded before import = 0
Number of asset objects unloaded after import = 10
========================================================================
Received Import Request.
  Time since last request: 0.000008 seconds.
  path: Assets/Prefab/prefabs_yup/unit_Ornithopter_Light_A_yup.prefab
  artifactKey: Guid(6871a52976c58464789f49cf4f336f46) Importer(815301076,1909f56bfc062723c751e8b465ee728b)
Start importing Assets/Prefab/prefabs_yup/unit_Ornithopter_Light_A_yup.prefab using Guid(6871a52976c58464789f49cf4f336f46) Importer(815301076,1909f56bfc062723c751e8b465ee728b)  -> (artifact id: '3089c81765e217eff0e92d5b7eba3225') in 0.001718 seconds
Number of updated asset objects reloaded before import = 0
Number of asset objects unloaded after import = 26
Editor requested this worker to shutdown with reason: Scaling down because of idle timeout
TcpMessagingSession - receive error: operation aborted. errorcode: 995, details: The I/O operation has been aborted because of either a thread exit or an application request.
AssetImportWorker is now disconnected from the server
Process exiting
Exiting without the bug reporter. Application will terminate with return code 0